13:13:22.019 [main                     ] DEBUG GameApplication      - Logger initialized
13:13:22.037 [main                     ] DEBUG GameApplication      - Logging settings
Title: Coin Run
Version: 0.0
Width: 1200
Height: 700
Fullscreen: false
Intro: false
Menus: false
Profiling: false
Single step:false
App Mode: DEVELOPER
Menu Key: ESCAPE
Stage Style: DECORATED
Scene Factory: class com.almasb.fxgl.app.SceneFactory
Dialog Factory: class com.almasb.fxgl.ui.FXGLDialogFactory
UI Factory: class com.almasb.fxgl.ui.FXGLUIFactory

13:13:22.741 [JavaFX Application Thread] DEBUG Engine               - Initializing FXGL
13:13:22.749 [JavaFX Application Thread] INFO  Engine               - FXGL-11.2-beta on DESKTOP
13:13:22.749 [JavaFX Application Thread] INFO  Engine               - Source code and latest versions at: https://github.com/AlmasB/FXGL
13:13:22.749 [JavaFX Application Thread] INFO  Engine               -              Join the FXGL chat at: https://gitter.im/AlmasB/FXGL
13:13:22.755 [JavaFX Application Thread] DEBUG Engine               - Adding new engine service: class com.almasb.fxgl.audio.AudioPlayer
13:13:22.757 [JavaFX Application Thread] DEBUG Engine               - Adding new engine service: class com.almasb.fxgl.notification.impl.NotificationServiceProvider
13:13:22.759 [JavaFX Application Thread] DEBUG Engine               - Adding new engine service: class com.almasb.fxgl.achievement.AchievementManager
13:13:22.761 [JavaFX Application Thread] DEBUG Engine               - Adding new engine service: class com.almasb.fxgl.dev.DevService
13:13:22.782 [JavaFX Application Thread] DEBUG SaveLoadManager      - Checking profiles dir: profiles/
13:13:22.785 [JavaFX Application Thread] DEBUG FS                   - Loaded MobileFSService
13:13:22.785 [JavaFX Application Thread] DEBUG Engine               - Loading localizations
13:13:22.796 [JavaFX Application Thread] DEBUG AssetLoader          - Loading from disk: /assets/properties/languages/english.properties
13:13:22.801 [JavaFX Application Thread] DEBUG AssetLoader          - Loading from disk: /assets/properties/languages/french.properties
13:13:22.804 [JavaFX Application Thread] DEBUG AssetLoader          - Loading from disk: /assets/properties/languages/german.properties
13:13:22.806 [JavaFX Application Thread] DEBUG AssetLoader          - Loading from disk: /assets/properties/languages/russian.properties
13:13:22.809 [JavaFX Application Thread] DEBUG AssetLoader          - Loading from disk: /assets/properties/languages/hungarian.properties
13:13:22.812 [JavaFX Application Thread] DEBUG Engine               - Registering font factories
13:13:22.813 [JavaFX Application Thread] DEBUG AssetLoader          - Loading from disk: /assets/ui/fonts/VarelaRound-Regular.ttf
13:13:23.163 [JavaFX Application Thread] DEBUG AssetLoader          - Loading from disk: /assets/ui/fonts/Abel-Regular.ttf
13:13:23.178 [JavaFX Application Thread] DEBUG AssetLoader          - Loading from disk: /assets/ui/fonts/lucida_console.ttf
13:13:23.198 [JavaFX Application Thread] DEBUG AssetLoader          - Loading from disk: /assets/ui/fonts/Courier-Prime.ttf
13:13:23.211 [JavaFX Application Thread] DEBUG Engine               - Setting UI factory
13:13:23.316 [JavaFX Application Thread] DEBUG AssetLoader          - Loading from disk: /assets/ui/cursors/fxgl_default.png
13:13:23.429 [JavaFX Application Thread] DEBUG MainWindow           - Creating a JavaFX scene
13:13:23.514 [JavaFX Application Thread] DEBUG MainWindow           - Target settings size: 1200.0 x 700.0
13:13:23.514 [JavaFX Application Thread] DEBUG MainWindow           - Scaled scene size:    1200.0 x 700.0
13:13:23.514 [JavaFX Application Thread] DEBUG MainWindow           - Scaled ratio: (1.0, 1.0)
13:13:23.515 [JavaFX Application Thread] DEBUG AssetLoader          - Loading from disk: /assets/ui/css/fxgl_dark.css
13:13:23.516 [JavaFX Application Thread] DEBUG Input                - Clearing active input actions
13:13:23.516 [JavaFX Application Thread] DEBUG MainWindow           - StartupScene -> StartupScene
13:13:23.519 [JavaFX Application Thread] DEBUG AssetLoader          - Loading from disk: /assets/textures/fxgl_icon.png
13:13:23.550 [JavaFX Application Thread] DEBUG MainWindow           - Opening main window
13:13:23.776 [JavaFX Application Thread] DEBUG MainWindow           - Window border size: (16.0, 39.0)
13:13:23.776 [JavaFX Application Thread] DEBUG MainWindow           - Scaled size: 1200.0 x 700.0
13:13:23.776 [JavaFX Application Thread] DEBUG MainWindow           - Scaled ratio: (1.0, 1.0)
13:13:23.776 [JavaFX Application Thread] DEBUG MainWindow           - Scene size: 1200.0 x 700.0
13:13:23.777 [JavaFX Application Thread] DEBUG MainWindow           - Stage size: 1216.0 x 739.0
13:13:23.810 [FXGL Background Thread 1 ] DEBUG Engine               - Loading FXGL system data
13:13:23.823 [FXGL Background Thread 1 ] DEBUG MobileFSService      - Reading from: C:\Users\fhb36\OneDrive\Desktop\Workshop\SampleGame\system\fxgl.bundle
13:13:23.841 [FXGL Background Thread 1 ] DEBUG Engine               - Bundle FXGL: {}
13:13:23.841 [FXGL Background Thread 1 ] DEBUG Engine               - Initializing application scenes
13:13:23.843 [FXGL Background Thread 1 ] DEBUG AssetLoader          - Loading from disk: /assets/ui/cursors/fxgl_default.png
13:13:23.905 [FXGL Background Thread 1 ] DEBUG GameWorld            - Game world initialized
13:13:24.036 [FXGL Background Thread 1 ] DEBUG PhysicsWorld         - Physics world initialized: appHeight=700, physics.ppm=50.0
13:13:24.038 [FXGL Background Thread 1 ] DEBUG AssetLoader          - Loading from disk: /assets/ui/cursors/fxgl_default.png
13:13:24.041 [FXGL Background Thread 1 ] DEBUG GameScene            - Game scene initialized: 1200x700
13:13:24.107 [FXGL Background Thread 1 ] DEBUG Input                - Registered new binding: Pause - Esc
13:13:24.107 [FXGL Background Thread 1 ] DEBUG Engine               - Application scenes initialized
13:13:24.114 [JavaFX Application Thread] DEBUG Engine               - Running preInit()
13:13:24.114 [JavaFX Application Thread] DEBUG Input                - Registered new binding: Go right - Right
13:13:24.115 [JavaFX Application Thread] DEBUG Input                - Registered new binding: Go left - Left
13:13:24.115 [JavaFX Application Thread] DEBUG Input                - Registered new binding: Jump - Space
13:13:24.116 [JavaFX Application Thread] DEBUG Input                - Registered new binding: Screenshot - P
13:13:24.117 [JavaFX Application Thread] DEBUG Input                - Registered new binding: Dev Options - 1
13:13:24.118 [JavaFX Application Thread] DEBUG Input                - Registered new binding: System info dump - CTRL+9
13:13:24.118 [JavaFX Application Thread] DEBUG Input                - Registered new binding: Restart - CTRL+R
13:13:24.118 [JavaFX Application Thread] DEBUG Engine               - generateDefaultProfile()
13:13:24.119 [JavaFX Application Thread] DEBUG Engine               - Creating default profile
13:13:24.119 [JavaFX Application Thread] DEBUG EventBus             - Firing event: SaveEvent
13:13:24.138 [JavaFX Application Thread] DEBUG Engine               - Logging environment variables
13:13:24.138 [JavaFX Application Thread] DEBUG Engine               - achievementStores: []
13:13:24.138 [JavaFX Application Thread] DEBUG Engine               - cSS: fxgl_dark.css
13:13:24.138 [JavaFX Application Thread] DEBUG Engine               - language: ObjectProperty [value: ENGLISH]
13:13:24.138 [JavaFX Application Thread] DEBUG Engine               - isCloseConfirmation: false
13:13:24.139 [JavaFX Application Thread] DEBUG Engine               - isProfilingEnabled: false
13:13:24.139 [JavaFX Application Thread] DEBUG Engine               - soundNotification: core/notification.wav
13:13:24.139 [JavaFX Application Thread] DEBUG Engine               - pixelsPerMeter: 50.0
13:13:24.139 [JavaFX Application Thread] DEBUG Engine               - overlayRoot: Group@6ed5402f
13:13:24.139 [JavaFX Application Thread] DEBUG Engine               - soundMenuBack: menu/back.wav
13:13:24.139 [JavaFX Application Thread] DEBUG Engine               - appIcon: fxgl_icon.png
13:13:24.139 [JavaFX Application Thread] DEBUG Engine               - isFullScreenAllowed: false
13:13:24.140 [JavaFX Application Thread] DEBUG Engine               - isIntroEnabled: false
13:13:24.140 [JavaFX Application Thread] DEBUG Engine               - fontMono: lucida_console.ttf
13:13:24.140 [JavaFX Application Thread] DEBUG Engine               - soundMenuSelect: menu/select.wav
13:13:24.140 [JavaFX Application Thread] DEBUG Engine               - height: 700
13:13:24.140 [JavaFX Application Thread] DEBUG Engine               - isSingleStep: false
13:13:24.140 [JavaFX Application Thread] DEBUG Engine               - fontGame: Abel-Regular.ttf
13:13:24.140 [JavaFX Application Thread] DEBUG Engine               - menuKey: ESCAPE
13:13:24.141 [JavaFX Application Thread] DEBUG Engine               - versionCheckDays: 7
13:13:24.141 [JavaFX Application Thread] DEBUG Engine               - masterTimer: com.almasb.fxgl.time.Timer@2e1b3f89
13:13:24.141 [JavaFX Application Thread] DEBUG Engine               - configClass: Optional.empty
13:13:24.141 [JavaFX Application Thread] DEBUG Engine               - version: 0.0
13:13:24.141 [JavaFX Application Thread] DEBUG Engine               - fullScreen: BooleanProperty [value: false]
13:13:24.141 [JavaFX Application Thread] DEBUG Engine               - dialogFactory: com.almasb.fxgl.ui.FXGLDialogFactory@64fbe960
13:13:24.141 [JavaFX Application Thread] DEBUG Engine               - applicationMode: DEVELOPER
13:13:24.142 [JavaFX Application Thread] DEBUG Engine               - urlGoogleForms: https://goo.gl/forms/6wrMnOBxTE1fEpOy2
13:13:24.142 [JavaFX Application Thread] DEBUG Engine               - isMenuEnabled: false
13:13:24.142 [JavaFX Application Thread] DEBUG Engine               - profileName: user.profile
13:13:24.142 [JavaFX Application Thread] DEBUG Engine               - urlPOM: https://raw.githubusercontent.com/AlmasB/FXGL/master/pom.xml
13:13:24.142 [JavaFX Application Thread] DEBUG Engine               - notificationViewClass: class com.almasb.fxgl.notification.view.XboxNotificationView
13:13:24.142 [JavaFX Application Thread] DEBUG Engine               - sceneFactory: com.almasb.fxgl.app.SceneFactory@55628661
13:13:24.142 [JavaFX Application Thread] DEBUG Engine               - dataFileExt: .dat
13:13:24.142 [JavaFX Application Thread] DEBUG Engine               - stageStyle: DECORATED
13:13:24.143 [JavaFX Application Thread] DEBUG Engine               - isManualResizeEnabled: false
13:13:24.143 [JavaFX Application Thread] DEBUG Engine               - title: Coin Run
13:13:24.143 [JavaFX Application Thread] DEBUG Engine               - credits: []
13:13:24.143 [JavaFX Application Thread] DEBUG Engine               - uIFactory: com.almasb.fxgl.ui.FXGLUIFactory@70389a5d
13:13:24.143 [JavaFX Application Thread] DEBUG Engine               - fontText: Courier-Prime.ttf
13:13:24.143 [JavaFX Application Thread] DEBUG Engine               - isExperimentalTiledLargeMap: false
13:13:24.144 [JavaFX Application Thread] DEBUG Engine               - secondsIn24h: 60
13:13:24.144 [JavaFX Application Thread] DEBUG Engine               - soundMenuPress: menu/press.wav
13:13:24.144 [JavaFX Application Thread] DEBUG Engine               - urlGithub: https://github.com/AlmasB/FXGL
13:13:24.144 [JavaFX Application Thread] DEBUG Engine               - profileDir: profiles/
13:13:24.144 [JavaFX Application Thread] DEBUG Engine               - urlLeaderboard: http://fxgl-top.herokuapp.com/
13:13:24.144 [JavaFX Application Thread] DEBUG Engine               - saveDir: saves/
13:13:24.144 [JavaFX Application Thread] DEBUG Engine               - engineServices: [class com.almasb.fxgl.audio.AudioPlayer, class com.almasb.fxgl.notification.impl.NotificationServiceProvider, class com.almasb.fxgl.achievement.AchievementManager]
13:13:24.145 [JavaFX Application Thread] DEBUG Engine               - width: 1200
13:13:24.145 [JavaFX Application Thread] DEBUG Engine               - saveFileExt: .sav
13:13:24.145 [JavaFX Application Thread] DEBUG Engine               - fontUI: VarelaRound-Regular.ttf
13:13:24.145 [JavaFX Application Thread] DEBUG Engine               - enabledMenuItems: []
13:13:24.164 [JavaFX Application Thread] INFO  Engine               - FXGL initialization took: 1.379 sec
13:13:24.165 [JavaFX Application Thread] DEBUG LoopRunner           - Starting loop
13:13:24.175 [JavaFX Application Thread] DEBUG StartupScene         - STARTUP
13:13:24.175 [JavaFX Application Thread] DEBUG Engine               - Starting new game
13:13:24.175 [JavaFX Application Thread] DEBUG AssetLoader          - Loading from disk: /assets/ui/css/fxgl_dark.css
13:13:24.176 [JavaFX Application Thread] DEBUG Input                - Clearing active input actions
13:13:24.193 [JavaFX Application Thread] DEBUG MainWindow           - StartupScene -> LoadingScene
13:13:24.210 [JavaFX Application Thread] DEBUG Engine               - Removing overlay from StartupScene and adding to LoadingScene
13:13:24.210 [FXGL Background Thread 1 ] DEBUG InitAppTask          - Clearing previous game
13:13:24.210 [FXGL Background Thread 1 ] DEBUG GameWorld            - Clearing game world
13:13:24.211 [FXGL Background Thread 1 ] DEBUG PhysicsWorld         - Clearing physics world
13:13:24.211 [FXGL Background Thread 1 ] DEBUG GameScene            - Clearing game scene
13:13:24.211 [FXGL Background Thread 1 ] DEBUG InitAppTask          - Initializing Game
13:13:24.214 [FXGL Background Thread 1 ] DEBUG AssetLoader          - Loading from disk: /assets/textures/background.png
13:13:24.337 [FXGL Background Thread 1 ] DEBUG AssetLoader          - Loading from disk: /assets/textures/player2_still.png
13:13:24.356 [FXGL Background Thread 1 ] DEBUG InitAppTask          - Initializing Physics
13:13:24.356 [FXGL Background Thread 1 ] DEBUG InitAppTask          - Initializing UI
13:13:24.360 [FXGL Background Thread 1 ] DEBUG InitAppTask          - Initialization Complete
13:13:24.360 [FXGL Background Thread 1 ] INFO  InitAppTask          - Game initialization took: 0.150 sec
13:13:24.414 [JavaFX Application Thread] DEBUG AssetLoader          - Loading from disk: /assets/ui/css/fxgl_dark.css
13:13:24.415 [JavaFX Application Thread] DEBUG Input                - Clearing active input actions
13:13:24.432 [JavaFX Application Thread] DEBUG MainWindow           - LoadingScene -> GameScene
13:13:24.432 [JavaFX Application Thread] DEBUG Engine               - Removing overlay from LoadingScene and adding to GameScene
13:13:25.454 [JavaFX Application Thread] DEBUG AssetLoader          - Loading from disk: /assets/textures/player2.gif
13:13:25.510 [JavaFX Application Thread] DEBUG AssetLoader          - Loading from cache: /assets/textures/player2.gif
13:13:25.514 [JavaFX Application Thread] DEBUG AssetLoader          - Loading from cache: /assets/textures/player2.gif
13:13:25.518 [JavaFX Application Thread] DEBUG AssetLoader          - Loading from cache: /assets/textures/player2.gif
13:13:25.534 [JavaFX Application Thread] DEBUG AssetLoader          - Loading from cache: /assets/textures/player2.gif
13:13:25.550 [JavaFX Application Thread] DEBUG AssetLoader          - Loading from cache: /assets/textures/player2.gif
13:13:25.566 [JavaFX Application Thread] DEBUG AssetLoader          - Loading from cache: /assets/textures/player2.gif
13:13:25.581 [JavaFX Application Thread] DEBUG AssetLoader          - Loading from cache: /assets/textures/player2.gif
13:13:25.613 [JavaFX Application Thread] DEBUG AssetLoader          - Loading from cache: /assets/textures/player2.gif
13:13:25.631 [JavaFX Application Thread] DEBUG AssetLoader          - Loading from cache: /assets/textures/player2.gif
13:13:25.648 [JavaFX Application Thread] DEBUG AssetLoader          - Loading from cache: /assets/textures/player2.gif
13:13:25.664 [JavaFX Application Thread] DEBUG AssetLoader          - Loading from cache: /assets/textures/player2.gif
13:13:25.678 [JavaFX Application Thread] DEBUG AssetLoader          - Loading from cache: /assets/textures/player2.gif
13:13:25.694 [JavaFX Application Thread] DEBUG AssetLoader          - Loading from cache: /assets/textures/player2.gif
13:13:25.710 [JavaFX Application Thread] DEBUG AssetLoader          - Loading from cache: /assets/textures/player2.gif
13:13:25.726 [JavaFX Application Thread] DEBUG AssetLoader          - Loading from cache: /assets/textures/player2.gif
13:13:25.742 [JavaFX Application Thread] DEBUG AssetLoader          - Loading from cache: /assets/textures/player2.gif
13:13:25.758 [JavaFX Application Thread] DEBUG AssetLoader          - Loading from cache: /assets/textures/player2.gif
13:13:25.774 [JavaFX Application Thread] DEBUG AssetLoader          - Loading from cache: /assets/textures/player2.gif
13:13:25.790 [JavaFX Application Thread] DEBUG AssetLoader          - Loading from cache: /assets/textures/player2.gif
13:13:25.806 [JavaFX Application Thread] DEBUG AssetLoader          - Loading from cache: /assets/textures/player2.gif
13:13:25.822 [JavaFX Application Thread] DEBUG AssetLoader          - Loading from cache: /assets/textures/player2.gif
13:13:25.838 [JavaFX Application Thread] DEBUG AssetLoader          - Loading from cache: /assets/textures/player2.gif
13:13:25.854 [JavaFX Application Thread] DEBUG AssetLoader          - Loading from cache: /assets/textures/player2.gif
13:13:25.870 [JavaFX Application Thread] DEBUG AssetLoader          - Loading from cache: /assets/textures/player2.gif
13:13:25.886 [JavaFX Application Thread] DEBUG AssetLoader          - Loading from cache: /assets/textures/player2.gif
13:13:25.902 [JavaFX Application Thread] DEBUG AssetLoader          - Loading from cache: /assets/textures/player2.gif
13:13:25.918 [JavaFX Application Thread] DEBUG AssetLoader          - Loading from cache: /assets/textures/player2.gif
13:13:25.933 [JavaFX Application Thread] DEBUG AssetLoader          - Loading from cache: /assets/textures/player2.gif
13:13:25.949 [JavaFX Application Thread] DEBUG AssetLoader          - Loading from cache: /assets/textures/player2.gif
13:13:25.965 [JavaFX Application Thread] DEBUG AssetLoader          - Loading from cache: /assets/textures/player2.gif
13:13:25.981 [JavaFX Application Thread] DEBUG AssetLoader          - Loading from cache: /assets/textures/player2.gif
13:13:26.047 [JavaFX Application Thread] DEBUG AssetLoader          - Loading from cache: /assets/textures/player2.gif
13:13:26.063 [JavaFX Application Thread] DEBUG AssetLoader          - Loading from cache: /assets/textures/player2.gif
13:13:26.078 [JavaFX Application Thread] DEBUG AssetLoader          - Loading from cache: /assets/textures/player2.gif
13:13:26.094 [JavaFX Application Thread] DEBUG AssetLoader          - Loading from cache: /assets/textures/player2.gif
13:13:26.110 [JavaFX Application Thread] DEBUG AssetLoader          - Loading from cache: /assets/textures/player2.gif
13:13:26.126 [JavaFX Application Thread] DEBUG AssetLoader          - Loading from cache: /assets/textures/player2.gif
13:13:26.142 [JavaFX Application Thread] DEBUG AssetLoader          - Loading from cache: /assets/textures/player2.gif
13:13:26.158 [JavaFX Application Thread] DEBUG AssetLoader          - Loading from cache: /assets/textures/player2.gif
13:13:26.174 [JavaFX Application Thread] DEBUG AssetLoader          - Loading from cache: /assets/textures/player2.gif
13:13:26.190 [JavaFX Application Thread] DEBUG AssetLoader          - Loading from cache: /assets/textures/player2.gif
13:13:26.207 [JavaFX Application Thread] DEBUG AssetLoader          - Loading from cache: /assets/textures/player2.gif
13:13:26.222 [JavaFX Application Thread] DEBUG AssetLoader          - Loading from cache: /assets/textures/player2.gif
13:13:26.238 [JavaFX Application Thread] DEBUG AssetLoader          - Loading from cache: /assets/textures/player2.gif
13:13:26.254 [JavaFX Application Thread] DEBUG AssetLoader          - Loading from cache: /assets/textures/player2.gif
13:13:26.270 [JavaFX Application Thread] DEBUG AssetLoader          - Loading from cache: /assets/textures/player2.gif
13:13:26.286 [JavaFX Application Thread] DEBUG AssetLoader          - Loading from cache: /assets/textures/player2.gif
13:13:26.302 [JavaFX Application Thread] DEBUG AssetLoader          - Loading from cache: /assets/textures/player2.gif
13:13:26.318 [JavaFX Application Thread] DEBUG AssetLoader          - Loading from cache: /assets/textures/player2.gif
13:13:26.334 [JavaFX Application Thread] DEBUG AssetLoader          - Loading from cache: /assets/textures/player2.gif
13:13:26.349 [JavaFX Application Thread] DEBUG AssetLoader          - Loading from cache: /assets/textures/player2.gif
13:13:26.367 [JavaFX Application Thread] DEBUG AssetLoader          - Loading from cache: /assets/textures/player2.gif
13:13:26.383 [JavaFX Application Thread] DEBUG AssetLoader          - Loading from cache: /assets/textures/player2.gif
13:13:26.398 [JavaFX Application Thread] DEBUG AssetLoader          - Loading from cache: /assets/textures/player2.gif
13:13:26.415 [JavaFX Application Thread] DEBUG AssetLoader          - Loading from cache: /assets/textures/player2.gif
13:13:26.446 [JavaFX Application Thread] DEBUG AssetLoader          - Loading from cache: /assets/textures/player2.gif
13:13:26.463 [JavaFX Application Thread] DEBUG AssetLoader          - Loading from cache: /assets/textures/player2.gif
13:13:26.477 [JavaFX Application Thread] DEBUG AssetLoader          - Loading from cache: /assets/textures/player2.gif
13:13:26.494 [JavaFX Application Thread] DEBUG AssetLoader          - Loading from cache: /assets/textures/player2.gif
13:13:26.511 [JavaFX Application Thread] DEBUG AssetLoader          - Loading from cache: /assets/textures/player2.gif
13:13:26.527 [JavaFX Application Thread] DEBUG AssetLoader          - Loading from cache: /assets/textures/player2.gif
13:13:26.542 [JavaFX Application Thread] DEBUG AssetLoader          - Loading from cache: /assets/textures/player2.gif
13:13:26.558 [JavaFX Application Thread] DEBUG AssetLoader          - Loading from cache: /assets/textures/player2.gif
13:13:26.574 [JavaFX Application Thread] DEBUG AssetLoader          - Loading from cache: /assets/textures/player2.gif
13:13:26.590 [JavaFX Application Thread] DEBUG AssetLoader          - Loading from cache: /assets/textures/player2.gif
13:13:26.606 [JavaFX Application Thread] DEBUG AssetLoader          - Loading from cache: /assets/textures/player2.gif
13:13:26.622 [JavaFX Application Thread] DEBUG AssetLoader          - Loading from cache: /assets/textures/player2.gif
13:13:26.638 [JavaFX Application Thread] DEBUG AssetLoader          - Loading from cache: /assets/textures/player2.gif
13:13:26.686 [JavaFX Application Thread] DEBUG AssetLoader          - Loading from cache: /assets/textures/player2.gif
13:13:26.702 [JavaFX Application Thread] DEBUG AssetLoader          - Loading from cache: /assets/textures/player2.gif
13:13:26.717 [JavaFX Application Thread] DEBUG AssetLoader          - Loading from cache: /assets/textures/player2.gif
13:13:26.814 [JavaFX Application Thread] DEBUG AssetLoader          - Loading from cache: /assets/textures/player2.gif
13:13:26.863 [JavaFX Application Thread] DEBUG AssetLoader          - Loading from cache: /assets/textures/player2.gif
13:13:26.878 [JavaFX Application Thread] DEBUG AssetLoader          - Loading from cache: /assets/textures/player2.gif
13:13:26.894 [JavaFX Application Thread] DEBUG AssetLoader          - Loading from cache: /assets/textures/player2.gif
13:13:26.911 [JavaFX Application Thread] DEBUG AssetLoader          - Loading from cache: /assets/textures/player2.gif
13:13:26.926 [JavaFX Application Thread] DEBUG AssetLoader          - Loading from cache: /assets/textures/player2.gif
13:13:26.942 [JavaFX Application Thread] DEBUG AssetLoader          - Loading from cache: /assets/textures/player2.gif
13:13:26.958 [JavaFX Application Thread] DEBUG AssetLoader          - Loading from cache: /assets/textures/player2.gif
13:13:26.974 [JavaFX Application Thread] DEBUG AssetLoader          - Loading from cache: /assets/textures/player2.gif
13:13:26.990 [JavaFX Application Thread] DEBUG AssetLoader          - Loading from cache: /assets/textures/player2.gif
13:13:27.006 [JavaFX Application Thread] DEBUG AssetLoader          - Loading from cache: /assets/textures/player2.gif
13:13:27.022 [JavaFX Application Thread] DEBUG AssetLoader          - Loading from cache: /assets/textures/player2.gif
13:13:27.038 [JavaFX Application Thread] DEBUG AssetLoader          - Loading from cache: /assets/textures/player2.gif
13:13:27.054 [JavaFX Application Thread] DEBUG AssetLoader          - Loading from cache: /assets/textures/player2.gif
13:13:27.069 [JavaFX Application Thread] DEBUG AssetLoader          - Loading from cache: /assets/textures/player2.gif
13:13:27.118 [JavaFX Application Thread] DEBUG AssetLoader          - Loading from cache: /assets/textures/player2.gif
13:13:27.133 [JavaFX Application Thread] DEBUG AssetLoader          - Loading from cache: /assets/textures/player2.gif
13:13:27.149 [JavaFX Application Thread] DEBUG AssetLoader          - Loading from cache: /assets/textures/player2.gif
13:13:27.166 [JavaFX Application Thread] DEBUG AssetLoader          - Loading from cache: /assets/textures/player2.gif
13:13:27.182 [JavaFX Application Thread] DEBUG AssetLoader          - Loading from cache: /assets/textures/player2.gif
13:13:27.199 [JavaFX Application Thread] DEBUG AssetLoader          - Loading from cache: /assets/textures/player2.gif
13:13:27.214 [JavaFX Application Thread] DEBUG AssetLoader          - Loading from cache: /assets/textures/player2.gif
13:13:27.246 [JavaFX Application Thread] DEBUG AssetLoader          - Loading from cache: /assets/textures/player2.gif
13:13:27.263 [JavaFX Application Thread] DEBUG AssetLoader          - Loading from cache: /assets/textures/player2.gif
13:13:27.278 [JavaFX Application Thread] DEBUG AssetLoader          - Loading from cache: /assets/textures/player2.gif
13:13:27.294 [JavaFX Application Thread] DEBUG AssetLoader          - Loading from cache: /assets/textures/player2.gif
13:13:27.311 [JavaFX Application Thread] DEBUG AssetLoader          - Loading from cache: /assets/textures/player2.gif
13:13:27.326 [JavaFX Application Thread] DEBUG AssetLoader          - Loading from cache: /assets/textures/player2.gif
13:13:27.342 [JavaFX Application Thread] DEBUG AssetLoader          - Loading from cache: /assets/textures/player2.gif
13:13:27.358 [JavaFX Application Thread] DEBUG AssetLoader          - Loading from cache: /assets/textures/player2.gif
13:13:27.374 [JavaFX Application Thread] DEBUG AssetLoader          - Loading from cache: /assets/textures/player2.gif
13:13:27.390 [JavaFX Application Thread] DEBUG AssetLoader          - Loading from cache: /assets/textures/player2.gif
13:13:27.406 [JavaFX Application Thread] DEBUG AssetLoader          - Loading from cache: /assets/textures/player2.gif
13:13:27.422 [JavaFX Application Thread] DEBUG AssetLoader          - Loading from cache: /assets/textures/player2.gif
13:13:27.438 [JavaFX Application Thread] DEBUG AssetLoader          - Loading from cache: /assets/textures/player2.gif
13:13:27.454 [JavaFX Application Thread] DEBUG AssetLoader          - Loading from cache: /assets/textures/player2.gif
13:13:27.470 [JavaFX Application Thread] DEBUG AssetLoader          - Loading from cache: /assets/textures/player2.gif
13:13:27.486 [JavaFX Application Thread] DEBUG AssetLoader          - Loading from cache: /assets/textures/player2.gif
13:13:27.502 [JavaFX Application Thread] DEBUG AssetLoader          - Loading from cache: /assets/textures/player2.gif
13:13:27.519 [JavaFX Application Thread] DEBUG AssetLoader          - Loading from cache: /assets/textures/player2.gif
13:13:27.534 [JavaFX Application Thread] DEBUG AssetLoader          - Loading from cache: /assets/textures/player2.gif
13:13:27.550 [JavaFX Application Thread] DEBUG AssetLoader          - Loading from cache: /assets/textures/player2.gif
13:13:27.565 [JavaFX Application Thread] DEBUG AssetLoader          - Loading from cache: /assets/textures/player2.gif
13:13:27.582 [JavaFX Application Thread] DEBUG AssetLoader          - Loading from cache: /assets/textures/player2.gif
13:13:27.598 [JavaFX Application Thread] DEBUG AssetLoader          - Loading from cache: /assets/textures/player2.gif
13:13:27.614 [JavaFX Application Thread] DEBUG AssetLoader          - Loading from cache: /assets/textures/player2.gif
13:13:27.647 [JavaFX Application Thread] DEBUG AssetLoader          - Loading from cache: /assets/textures/player2.gif
13:13:27.664 [JavaFX Application Thread] DEBUG AssetLoader          - Loading from cache: /assets/textures/player2.gif
13:13:27.678 [JavaFX Application Thread] DEBUG AssetLoader          - Loading from cache: /assets/textures/player2.gif
13:13:27.759 [JavaFX Application Thread] DEBUG AssetLoader          - Loading from cache: /assets/textures/player2.gif
13:13:27.774 [JavaFX Application Thread] DEBUG AssetLoader          - Loading from cache: /assets/textures/player2.gif
13:13:27.790 [JavaFX Application Thread] DEBUG AssetLoader          - Loading from cache: /assets/textures/player2.gif
13:13:27.806 [JavaFX Application Thread] DEBUG AssetLoader          - Loading from cache: /assets/textures/player2.gif
13:13:27.822 [JavaFX Application Thread] DEBUG AssetLoader          - Loading from cache: /assets/textures/player2.gif
13:13:27.838 [JavaFX Application Thread] DEBUG AssetLoader          - Loading from cache: /assets/textures/player2.gif
13:13:27.854 [JavaFX Application Thread] DEBUG AssetLoader          - Loading from cache: /assets/textures/player2.gif
13:13:27.870 [JavaFX Application Thread] DEBUG AssetLoader          - Loading from cache: /assets/textures/player2.gif
13:13:27.886 [JavaFX Application Thread] DEBUG AssetLoader          - Loading from cache: /assets/textures/player2.gif
13:13:27.902 [JavaFX Application Thread] DEBUG AssetLoader          - Loading from cache: /assets/textures/player2.gif
13:13:27.914 [JavaFX Application Thread] DEBUG AssetLoader          - Loading from cache: /assets/textures/player2_still.png
13:13:29.837 [JavaFX Application Thread] DEBUG AssetLoader          - Loading from disk: /assets/textures/player2_flipped.gif
13:13:29.854 [JavaFX Application Thread] DEBUG AssetLoader          - Loading from cache: /assets/textures/player2_flipped.gif
13:13:29.863 [JavaFX Application Thread] DEBUG AssetLoader          - Loading from cache: /assets/textures/player2_flipped.gif
13:13:29.869 [JavaFX Application Thread] DEBUG AssetLoader          - Loading from cache: /assets/textures/player2_flipped.gif
13:13:29.886 [JavaFX Application Thread] DEBUG AssetLoader          - Loading from cache: /assets/textures/player2_flipped.gif
13:13:29.902 [JavaFX Application Thread] DEBUG AssetLoader          - Loading from cache: /assets/textures/player2_flipped.gif
13:13:29.915 [JavaFX Application Thread] DEBUG AssetLoader          - Loading from disk: /assets/textures/player2_still_flipped.png
13:13:30.749 [JavaFX Application Thread] DEBUG AssetLoader          - Loading from cache: /assets/textures/player2.gif
13:13:30.751 [JavaFX Application Thread] DEBUG AssetLoader          - Loading from cache: /assets/textures/player2.gif
13:13:30.762 [JavaFX Application Thread] DEBUG AssetLoader          - Loading from cache: /assets/textures/player2.gif
13:13:30.767 [JavaFX Application Thread] DEBUG AssetLoader          - Loading from cache: /assets/textures/player2.gif
13:13:30.782 [JavaFX Application Thread] DEBUG AssetLoader          - Loading from cache: /assets/textures/player2.gif
13:13:30.799 [JavaFX Application Thread] DEBUG AssetLoader          - Loading from cache: /assets/textures/player2.gif
13:13:30.814 [JavaFX Application Thread] DEBUG AssetLoader          - Loading from cache: /assets/textures/player2.gif
13:13:30.831 [JavaFX Application Thread] DEBUG AssetLoader          - Loading from cache: /assets/textures/player2.gif
13:13:30.863 [JavaFX Application Thread] DEBUG AssetLoader          - Loading from cache: /assets/textures/player2.gif
13:13:30.878 [JavaFX Application Thread] DEBUG AssetLoader          - Loading from cache: /assets/textures/player2.gif
13:13:30.893 [JavaFX Application Thread] DEBUG AssetLoader          - Loading from cache: /assets/textures/player2_still.png
13:13:31.533 [JavaFX Application Thread] DEBUG AssetLoader          - Loading from cache: /assets/textures/player2_flipped.gif
13:13:31.539 [JavaFX Application Thread] DEBUG AssetLoader          - Loading from cache: /assets/textures/player2_flipped.gif
13:13:31.546 [JavaFX Application Thread] DEBUG AssetLoader          - Loading from cache: /assets/textures/player2_flipped.gif
13:13:31.550 [JavaFX Application Thread] DEBUG AssetLoader          - Loading from cache: /assets/textures/player2_flipped.gif
13:13:31.566 [JavaFX Application Thread] DEBUG AssetLoader          - Loading from cache: /assets/textures/player2_flipped.gif
13:13:31.582 [JavaFX Application Thread] DEBUG AssetLoader          - Loading from cache: /assets/textures/player2_flipped.gif
13:13:31.598 [JavaFX Application Thread] DEBUG AssetLoader          - Loading from cache: /assets/textures/player2_flipped.gif
13:13:31.629 [JavaFX Application Thread] DEBUG AssetLoader          - Loading from cache: /assets/textures/player2_flipped.gif
13:13:31.641 [JavaFX Application Thread] DEBUG AssetLoader          - Loading from cache: /assets/textures/player2_still_flipped.png
13:13:32.190 [JavaFX Application Thread] DEBUG AssetLoader          - Loading from cache: /assets/textures/player2.gif
13:13:32.192 [JavaFX Application Thread] DEBUG AssetLoader          - Loading from cache: /assets/textures/player2.gif
13:13:32.196 [JavaFX Application Thread] DEBUG AssetLoader          - Loading from cache: /assets/textures/player2.gif
13:13:32.207 [JavaFX Application Thread] DEBUG AssetLoader          - Loading from cache: /assets/textures/player2.gif
13:13:32.222 [JavaFX Application Thread] DEBUG AssetLoader          - Loading from cache: /assets/textures/player2.gif
13:13:32.238 [JavaFX Application Thread] DEBUG AssetLoader          - Loading from cache: /assets/textures/player2.gif
13:13:32.254 [JavaFX Application Thread] DEBUG AssetLoader          - Loading from cache: /assets/textures/player2.gif
13:13:32.270 [JavaFX Application Thread] DEBUG AssetLoader          - Loading from cache: /assets/textures/player2.gif
13:13:32.286 [JavaFX Application Thread] DEBUG AssetLoader          - Loading from cache: /assets/textures/player2.gif
13:13:32.302 [JavaFX Application Thread] DEBUG AssetLoader          - Loading from cache: /assets/textures/player2.gif
13:13:32.313 [JavaFX Application Thread] DEBUG AssetLoader          - Loading from cache: /assets/textures/player2_still.png
13:13:32.862 [JavaFX Application Thread] DEBUG AssetLoader          - Loading from cache: /assets/textures/player2_flipped.gif
13:13:32.865 [JavaFX Application Thread] DEBUG AssetLoader          - Loading from cache: /assets/textures/player2_flipped.gif
13:13:32.878 [JavaFX Application Thread] DEBUG AssetLoader          - Loading from cache: /assets/textures/player2_flipped.gif
13:13:32.894 [JavaFX Application Thread] DEBUG AssetLoader          - Loading from cache: /assets/textures/player2_flipped.gif
13:13:32.910 [JavaFX Application Thread] DEBUG AssetLoader          - Loading from cache: /assets/textures/player2_flipped.gif
13:13:32.926 [JavaFX Application Thread] DEBUG AssetLoader          - Loading from cache: /assets/textures/player2_flipped.gif
13:13:32.942 [JavaFX Application Thread] DEBUG AssetLoader          - Loading from cache: /assets/textures/player2_flipped.gif
13:13:32.958 [JavaFX Application Thread] DEBUG AssetLoader          - Loading from cache: /assets/textures/player2_flipped.gif
13:13:32.974 [JavaFX Application Thread] DEBUG AssetLoader          - Loading from cache: /assets/textures/player2_flipped.gif
13:13:32.990 [JavaFX Application Thread] DEBUG AssetLoader          - Loading from cache: /assets/textures/player2_flipped.gif
13:13:33.002 [JavaFX Application Thread] DEBUG AssetLoader          - Loading from cache: /assets/textures/player2_still_flipped.png
13:13:33.502 [JavaFX Application Thread] DEBUG AssetLoader          - Loading from cache: /assets/textures/player2.gif
13:13:33.504 [JavaFX Application Thread] DEBUG AssetLoader          - Loading from cache: /assets/textures/player2.gif
13:13:33.513 [JavaFX Application Thread] DEBUG AssetLoader          - Loading from cache: /assets/textures/player2.gif
13:13:33.518 [JavaFX Application Thread] DEBUG AssetLoader          - Loading from cache: /assets/textures/player2.gif
13:13:33.534 [JavaFX Application Thread] DEBUG AssetLoader          - Loading from cache: /assets/textures/player2.gif
13:13:33.550 [JavaFX Application Thread] DEBUG AssetLoader          - Loading from cache: /assets/textures/player2.gif
13:13:33.565 [JavaFX Application Thread] DEBUG AssetLoader          - Loading from cache: /assets/textures/player2.gif
13:13:33.583 [JavaFX Application Thread] DEBUG AssetLoader          - Loading from cache: /assets/textures/player2.gif
13:13:33.598 [JavaFX Application Thread] DEBUG AssetLoader          - Loading from cache: /assets/textures/player2.gif
13:13:33.614 [JavaFX Application Thread] DEBUG AssetLoader          - Loading from cache: /assets/textures/player2.gif
13:13:33.630 [JavaFX Application Thread] DEBUG AssetLoader          - Loading from cache: /assets/textures/player2.gif
13:13:33.647 [JavaFX Application Thread] DEBUG AssetLoader          - Loading from cache: /assets/textures/player2_still.png
13:13:34.126 [JavaFX Application Thread] DEBUG AssetLoader          - Loading from cache: /assets/textures/player2_flipped.gif
13:13:34.129 [JavaFX Application Thread] DEBUG AssetLoader          - Loading from cache: /assets/textures/player2_flipped.gif
13:13:34.143 [JavaFX Application Thread] DEBUG AssetLoader          - Loading from cache: /assets/textures/player2_flipped.gif
13:13:34.158 [JavaFX Application Thread] DEBUG AssetLoader          - Loading from cache: /assets/textures/player2_flipped.gif
13:13:34.174 [JavaFX Application Thread] DEBUG AssetLoader          - Loading from cache: /assets/textures/player2_flipped.gif
13:13:34.190 [JavaFX Application Thread] DEBUG AssetLoader          - Loading from cache: /assets/textures/player2_flipped.gif
13:13:34.206 [JavaFX Application Thread] DEBUG AssetLoader          - Loading from cache: /assets/textures/player2_flipped.gif
13:13:34.222 [JavaFX Application Thread] DEBUG AssetLoader          - Loading from cache: /assets/textures/player2_flipped.gif
13:13:34.237 [JavaFX Application Thread] DEBUG AssetLoader          - Loading from cache: /assets/textures/player2_flipped.gif
13:13:34.254 [JavaFX Application Thread] DEBUG AssetLoader          - Loading from cache: /assets/textures/player2_flipped.gif
13:13:34.264 [JavaFX Application Thread] DEBUG AssetLoader          - Loading from cache: /assets/textures/player2_still_flipped.png
13:13:34.831 [JavaFX Application Thread] DEBUG AssetLoader          - Loading from cache: /assets/textures/player2.gif
13:13:34.832 [JavaFX Application Thread] DEBUG AssetLoader          - Loading from cache: /assets/textures/player2.gif
13:13:34.846 [JavaFX Application Thread] DEBUG AssetLoader          - Loading from cache: /assets/textures/player2.gif
13:13:34.864 [JavaFX Application Thread] DEBUG AssetLoader          - Loading from cache: /assets/textures/player2.gif
13:13:34.878 [JavaFX Application Thread] DEBUG AssetLoader          - Loading from cache: /assets/textures/player2.gif
13:13:34.894 [JavaFX Application Thread] DEBUG AssetLoader          - Loading from cache: /assets/textures/player2.gif
13:13:34.910 [JavaFX Application Thread] DEBUG AssetLoader          - Loading from cache: /assets/textures/player2.gif
13:13:34.926 [JavaFX Application Thread] DEBUG AssetLoader          - Loading from cache: /assets/textures/player2.gif
13:13:34.942 [JavaFX Application Thread] DEBUG AssetLoader          - Loading from cache: /assets/textures/player2.gif
13:13:34.958 [JavaFX Application Thread] DEBUG AssetLoader          - Loading from cache: /assets/textures/player2.gif
13:13:34.973 [JavaFX Application Thread] DEBUG AssetLoader          - Loading from cache: /assets/textures/player2.gif
13:13:34.989 [JavaFX Application Thread] DEBUG AssetLoader          - Loading from cache: /assets/textures/player2.gif
13:13:35.006 [JavaFX Application Thread] DEBUG AssetLoader          - Loading from cache: /assets/textures/player2.gif
13:13:35.022 [JavaFX Application Thread] DEBUG AssetLoader          - Loading from cache: /assets/textures/player2.gif
13:13:35.037 [JavaFX Application Thread] DEBUG AssetLoader          - Loading from cache: /assets/textures/player2.gif
13:13:35.055 [JavaFX Application Thread] DEBUG AssetLoader          - Loading from cache: /assets/textures/player2.gif
13:13:35.069 [JavaFX Application Thread] DEBUG AssetLoader          - Loading from cache: /assets/textures/player2.gif
13:13:35.085 [JavaFX Application Thread] DEBUG AssetLoader          - Loading from cache: /assets/textures/player2.gif
13:13:35.101 [JavaFX Application Thread] DEBUG AssetLoader          - Loading from cache: /assets/textures/player2.gif
13:13:35.117 [JavaFX Application Thread] DEBUG AssetLoader          - Loading from cache: /assets/textures/player2.gif
13:13:35.134 [JavaFX Application Thread] DEBUG AssetLoader          - Loading from cache: /assets/textures/player2.gif
13:13:35.150 [JavaFX Application Thread] DEBUG AssetLoader          - Loading from cache: /assets/textures/player2.gif
13:13:35.166 [JavaFX Application Thread] DEBUG AssetLoader          - Loading from cache: /assets/textures/player2.gif
13:13:35.182 [JavaFX Application Thread] DEBUG AssetLoader          - Loading from cache: /assets/textures/player2.gif
13:13:35.198 [JavaFX Application Thread] DEBUG AssetLoader          - Loading from cache: /assets/textures/player2.gif
13:13:35.214 [JavaFX Application Thread] DEBUG AssetLoader          - Loading from cache: /assets/textures/player2.gif
13:13:35.231 [JavaFX Application Thread] DEBUG AssetLoader          - Loading from cache: /assets/textures/player2.gif
13:13:35.247 [JavaFX Application Thread] DEBUG AssetLoader          - Loading from cache: /assets/textures/player2.gif
13:13:35.279 [JavaFX Application Thread] DEBUG AssetLoader          - Loading from cache: /assets/textures/player2.gif
13:13:35.294 [JavaFX Application Thread] DEBUG AssetLoader          - Loading from cache: /assets/textures/player2.gif
13:13:35.310 [JavaFX Application Thread] DEBUG AssetLoader          - Loading from cache: /assets/textures/player2.gif
13:13:35.326 [JavaFX Application Thread] DEBUG AssetLoader          - Loading from cache: /assets/textures/player2.gif
13:13:35.342 [JavaFX Application Thread] DEBUG AssetLoader          - Loading from cache: /assets/textures/player2.gif
13:13:35.358 [JavaFX Application Thread] DEBUG AssetLoader          - Loading from cache: /assets/textures/player2.gif
13:13:35.375 [JavaFX Application Thread] DEBUG AssetLoader          - Loading from cache: /assets/textures/player2.gif
13:13:35.390 [JavaFX Application Thread] DEBUG AssetLoader          - Loading from cache: /assets/textures/player2.gif
13:13:35.406 [JavaFX Application Thread] DEBUG AssetLoader          - Loading from cache: /assets/textures/player2.gif
13:13:35.422 [JavaFX Application Thread] DEBUG AssetLoader          - Loading from cache: /assets/textures/player2.gif
13:13:35.437 [JavaFX Application Thread] DEBUG AssetLoader          - Loading from cache: /assets/textures/player2.gif
13:13:35.453 [JavaFX Application Thread] DEBUG AssetLoader          - Loading from cache: /assets/textures/player2.gif
13:13:35.469 [JavaFX Application Thread] DEBUG AssetLoader          - Loading from cache: /assets/textures/player2.gif
13:13:35.487 [JavaFX Application Thread] DEBUG AssetLoader          - Loading from cache: /assets/textures/player2.gif
13:13:35.501 [JavaFX Application Thread] DEBUG AssetLoader          - Loading from cache: /assets/textures/player2.gif
13:13:35.518 [JavaFX Application Thread] DEBUG AssetLoader          - Loading from cache: /assets/textures/player2.gif
13:13:35.534 [JavaFX Application Thread] DEBUG AssetLoader          - Loading from cache: /assets/textures/player2.gif
13:13:35.550 [JavaFX Application Thread] DEBUG AssetLoader          - Loading from cache: /assets/textures/player2.gif
13:13:35.566 [JavaFX Application Thread] DEBUG AssetLoader          - Loading from cache: /assets/textures/player2.gif
13:13:35.582 [JavaFX Application Thread] DEBUG AssetLoader          - Loading from cache: /assets/textures/player2.gif
13:13:35.601 [JavaFX Application Thread] DEBUG AssetLoader          - Loading from cache: /assets/textures/player2.gif
13:13:35.614 [JavaFX Application Thread] DEBUG AssetLoader          - Loading from cache: /assets/textures/player2.gif
13:13:35.631 [JavaFX Application Thread] DEBUG AssetLoader          - Loading from cache: /assets/textures/player2.gif
13:13:35.663 [JavaFX Application Thread] DEBUG AssetLoader          - Loading from cache: /assets/textures/player2.gif
13:13:35.678 [JavaFX Application Thread] DEBUG AssetLoader          - Loading from cache: /assets/textures/player2.gif
13:13:35.694 [JavaFX Application Thread] DEBUG AssetLoader          - Loading from cache: /assets/textures/player2.gif
13:13:35.709 [JavaFX Application Thread] DEBUG AssetLoader          - Loading from cache: /assets/textures/player2.gif
13:13:35.726 [JavaFX Application Thread] DEBUG AssetLoader          - Loading from cache: /assets/textures/player2.gif
13:13:35.742 [JavaFX Application Thread] DEBUG AssetLoader          - Loading from cache: /assets/textures/player2.gif
13:13:35.758 [JavaFX Application Thread] DEBUG AssetLoader          - Loading from cache: /assets/textures/player2.gif
13:13:35.774 [JavaFX Application Thread] DEBUG AssetLoader          - Loading from cache: /assets/textures/player2.gif
13:13:35.790 [JavaFX Application Thread] DEBUG AssetLoader          - Loading from cache: /assets/textures/player2.gif
13:13:35.805 [JavaFX Application Thread] DEBUG AssetLoader          - Loading from cache: /assets/textures/player2.gif
13:13:35.822 [JavaFX Application Thread] DEBUG AssetLoader          - Loading from cache: /assets/textures/player2.gif
13:13:35.837 [JavaFX Application Thread] DEBUG AssetLoader          - Loading from cache: /assets/textures/player2.gif
13:13:35.853 [JavaFX Application Thread] DEBUG AssetLoader          - Loading from cache: /assets/textures/player2.gif
13:13:35.869 [JavaFX Application Thread] DEBUG AssetLoader          - Loading from cache: /assets/textures/player2.gif
13:13:35.886 [JavaFX Application Thread] DEBUG AssetLoader          - Loading from cache: /assets/textures/player2.gif
13:13:35.902 [JavaFX Application Thread] DEBUG AssetLoader          - Loading from cache: /assets/textures/player2.gif
13:13:35.918 [JavaFX Application Thread] DEBUG AssetLoader          - Loading from cache: /assets/textures/player2.gif
13:13:35.934 [JavaFX Application Thread] DEBUG AssetLoader          - Loading from cache: /assets/textures/player2.gif
13:13:35.950 [JavaFX Application Thread] DEBUG AssetLoader          - Loading from cache: /assets/textures/player2.gif
13:13:35.965 [JavaFX Application Thread] DEBUG AssetLoader          - Loading from cache: /assets/textures/player2_still.png
13:13:37.325 [JavaFX Application Thread] DEBUG AssetLoader          - Loading from cache: /assets/textures/player2_flipped.gif
13:13:37.328 [JavaFX Application Thread] DEBUG AssetLoader          - Loading from cache: /assets/textures/player2_flipped.gif
13:13:37.341 [JavaFX Application Thread] DEBUG AssetLoader          - Loading from cache: /assets/textures/player2_flipped.gif
13:13:37.358 [JavaFX Application Thread] DEBUG AssetLoader          - Loading from cache: /assets/textures/player2_flipped.gif
13:13:37.406 [JavaFX Application Thread] DEBUG AssetLoader          - Loading from cache: /assets/textures/player2_flipped.gif
13:13:37.422 [JavaFX Application Thread] DEBUG AssetLoader          - Loading from cache: /assets/textures/player2_flipped.gif
13:13:37.438 [JavaFX Application Thread] DEBUG AssetLoader          - Loading from cache: /assets/textures/player2_flipped.gif
13:13:37.454 [JavaFX Application Thread] DEBUG AssetLoader          - Loading from cache: /assets/textures/player2_flipped.gif
13:13:37.470 [JavaFX Application Thread] DEBUG AssetLoader          - Loading from cache: /assets/textures/player2_flipped.gif
13:13:37.487 [JavaFX Application Thread] DEBUG AssetLoader          - Loading from cache: /assets/textures/player2_flipped.gif
13:13:37.502 [JavaFX Application Thread] DEBUG AssetLoader          - Loading from cache: /assets/textures/player2_flipped.gif
13:13:37.519 [JavaFX Application Thread] DEBUG AssetLoader          - Loading from cache: /assets/textures/player2_flipped.gif
13:13:37.534 [JavaFX Application Thread] DEBUG AssetLoader          - Loading from cache: /assets/textures/player2_flipped.gif
13:13:37.550 [JavaFX Application Thread] DEBUG AssetLoader          - Loading from cache: /assets/textures/player2_flipped.gif
13:13:37.565 [JavaFX Application Thread] DEBUG AssetLoader          - Loading from cache: /assets/textures/player2_flipped.gif
13:13:37.581 [JavaFX Application Thread] DEBUG AssetLoader          - Loading from cache: /assets/textures/player2_flipped.gif
13:13:37.597 [JavaFX Application Thread] DEBUG AssetLoader          - Loading from cache: /assets/textures/player2_flipped.gif
13:13:37.614 [JavaFX Application Thread] DEBUG AssetLoader          - Loading from cache: /assets/textures/player2_flipped.gif
13:13:37.630 [JavaFX Application Thread] DEBUG AssetLoader          - Loading from cache: /assets/textures/player2_flipped.gif
13:13:37.647 [JavaFX Application Thread] DEBUG AssetLoader          - Loading from cache: /assets/textures/player2_flipped.gif
13:13:37.664 [JavaFX Application Thread] DEBUG AssetLoader          - Loading from cache: /assets/textures/player2_still_flipped.png
13:13:38.574 [JavaFX Application Thread] DEBUG AssetLoader          - Loading from cache: /assets/textures/player2_flipped.gif
13:13:38.575 [JavaFX Application Thread] DEBUG AssetLoader          - Loading from cache: /assets/textures/player2_flipped.gif
13:13:38.579 [JavaFX Application Thread] DEBUG AssetLoader          - Loading from cache: /assets/textures/player2_flipped.gif
13:13:38.590 [JavaFX Application Thread] DEBUG AssetLoader          - Loading from cache: /assets/textures/player2_flipped.gif
13:13:38.606 [JavaFX Application Thread] DEBUG AssetLoader          - Loading from cache: /assets/textures/player2_flipped.gif
13:13:38.622 [JavaFX Application Thread] DEBUG AssetLoader          - Loading from cache: /assets/textures/player2_flipped.gif
13:13:38.638 [JavaFX Application Thread] DEBUG AssetLoader          - Loading from cache: /assets/textures/player2_flipped.gif
13:13:38.654 [JavaFX Application Thread] DEBUG AssetLoader          - Loading from cache: /assets/textures/player2_flipped.gif
13:13:38.670 [JavaFX Application Thread] DEBUG AssetLoader          - Loading from cache: /assets/textures/player2_flipped.gif
13:13:38.685 [JavaFX Application Thread] DEBUG AssetLoader          - Loading from cache: /assets/textures/player2_still_flipped.png
13:13:39.518 [JavaFX Application Thread] DEBUG AssetLoader          - Loading from cache: /assets/textures/player2.gif
13:13:39.519 [JavaFX Application Thread] DEBUG AssetLoader          - Loading from cache: /assets/textures/player2.gif
13:13:39.529 [JavaFX Application Thread] DEBUG AssetLoader          - Loading from cache: /assets/textures/player2.gif
13:13:39.533 [JavaFX Application Thread] DEBUG AssetLoader          - Loading from cache: /assets/textures/player2.gif
13:13:39.551 [JavaFX Application Thread] DEBUG AssetLoader          - Loading from cache: /assets/textures/player2.gif
13:13:39.566 [JavaFX Application Thread] DEBUG AssetLoader          - Loading from cache: /assets/textures/player2.gif
13:13:39.582 [JavaFX Application Thread] DEBUG AssetLoader          - Loading from cache: /assets/textures/player2.gif
13:13:39.598 [JavaFX Application Thread] DEBUG AssetLoader          - Loading from cache: /assets/textures/player2.gif
13:13:39.613 [JavaFX Application Thread] DEBUG AssetLoader          - Loading from cache: /assets/textures/player2_still.png
13:13:40.270 [JavaFX Application Thread] DEBUG AssetLoader          - Loading from cache: /assets/textures/player2_flipped.gif
13:13:40.272 [JavaFX Application Thread] DEBUG AssetLoader          - Loading from cache: /assets/textures/player2_flipped.gif
13:13:40.279 [JavaFX Application Thread] DEBUG AssetLoader          - Loading from cache: /assets/textures/player2_flipped.gif
13:13:40.286 [JavaFX Application Thread] DEBUG AssetLoader          - Loading from cache: /assets/textures/player2_flipped.gif
13:13:40.302 [JavaFX Application Thread] DEBUG AssetLoader          - Loading from cache: /assets/textures/player2_flipped.gif
13:13:40.318 [JavaFX Application Thread] DEBUG AssetLoader          - Loading from cache: /assets/textures/player2_flipped.gif
13:13:40.334 [JavaFX Application Thread] DEBUG AssetLoader          - Loading from cache: /assets/textures/player2_flipped.gif
13:13:40.350 [JavaFX Application Thread] DEBUG AssetLoader          - Loading from cache: /assets/textures/player2_flipped.gif
13:13:40.366 [JavaFX Application Thread] DEBUG AssetLoader          - Loading from cache: /assets/textures/player2_flipped.gif
13:13:40.382 [JavaFX Application Thread] DEBUG AssetLoader          - Loading from cache: /assets/textures/player2_flipped.gif
13:13:40.397 [JavaFX Application Thread] DEBUG AssetLoader          - Loading from cache: /assets/textures/player2_still_flipped.png
13:13:40.925 [JavaFX Application Thread] DEBUG AssetLoader          - Loading from cache: /assets/textures/player2.gif
13:13:40.928 [JavaFX Application Thread] DEBUG AssetLoader          - Loading from cache: /assets/textures/player2.gif
13:13:40.941 [JavaFX Application Thread] DEBUG AssetLoader          - Loading from cache: /assets/textures/player2.gif
13:13:40.958 [JavaFX Application Thread] DEBUG AssetLoader          - Loading from cache: /assets/textures/player2.gif
13:13:40.974 [JavaFX Application Thread] DEBUG AssetLoader          - Loading from cache: /assets/textures/player2.gif
13:13:40.990 [JavaFX Application Thread] DEBUG AssetLoader          - Loading from cache: /assets/textures/player2.gif
13:13:41.006 [JavaFX Application Thread] DEBUG AssetLoader          - Loading from cache: /assets/textures/player2.gif
13:13:41.022 [JavaFX Application Thread] DEBUG AssetLoader          - Loading from cache: /assets/textures/player2.gif
13:13:41.038 [JavaFX Application Thread] DEBUG AssetLoader          - Loading from cache: /assets/textures/player2.gif
13:13:41.054 [JavaFX Application Thread] DEBUG AssetLoader          - Loading from cache: /assets/textures/player2.gif
13:13:41.071 [JavaFX Application Thread] DEBUG AssetLoader          - Loading from cache: /assets/textures/player2.gif
13:13:41.080 [JavaFX Application Thread] DEBUG AssetLoader          - Loading from cache: /assets/textures/player2_still.png
13:13:41.709 [JavaFX Application Thread] DEBUG AssetLoader          - Loading from cache: /assets/textures/player2_flipped.gif
13:13:41.711 [JavaFX Application Thread] DEBUG AssetLoader          - Loading from cache: /assets/textures/player2_flipped.gif
13:13:41.726 [JavaFX Application Thread] DEBUG AssetLoader          - Loading from cache: /assets/textures/player2_flipped.gif
13:13:41.742 [JavaFX Application Thread] DEBUG AssetLoader          - Loading from cache: /assets/textures/player2_flipped.gif
13:13:41.758 [JavaFX Application Thread] DEBUG AssetLoader          - Loading from cache: /assets/textures/player2_flipped.gif
13:13:41.774 [JavaFX Application Thread] DEBUG AssetLoader          - Loading from cache: /assets/textures/player2_flipped.gif
13:13:41.790 [JavaFX Application Thread] DEBUG AssetLoader          - Loading from cache: /assets/textures/player2_flipped.gif
13:13:41.806 [JavaFX Application Thread] DEBUG AssetLoader          - Loading from cache: /assets/textures/player2_flipped.gif
13:13:41.816 [JavaFX Application Thread] DEBUG AssetLoader          - Loading from cache: /assets/textures/player2_still_flipped.png
13:13:42.350 [JavaFX Application Thread] DEBUG AssetLoader          - Loading from cache: /assets/textures/player2.gif
13:13:42.351 [JavaFX Application Thread] DEBUG AssetLoader          - Loading from cache: /assets/textures/player2.gif
13:13:42.363 [JavaFX Application Thread] DEBUG AssetLoader          - Loading from cache: /assets/textures/player2.gif
13:13:42.367 [JavaFX Application Thread] DEBUG AssetLoader          - Loading from cache: /assets/textures/player2.gif
13:13:42.382 [JavaFX Application Thread] DEBUG AssetLoader          - Loading from cache: /assets/textures/player2.gif
13:13:42.398 [JavaFX Application Thread] DEBUG AssetLoader          - Loading from cache: /assets/textures/player2.gif
13:13:42.414 [JavaFX Application Thread] DEBUG AssetLoader          - Loading from cache: /assets/textures/player2.gif
13:13:42.430 [JavaFX Application Thread] DEBUG AssetLoader          - Loading from cache: /assets/textures/player2.gif
13:13:42.446 [JavaFX Application Thread] DEBUG AssetLoader          - Loading from cache: /assets/textures/player2.gif
13:13:42.463 [JavaFX Application Thread] DEBUG AssetLoader          - Loading from cache: /assets/textures/player2.gif
13:13:42.494 [JavaFX Application Thread] DEBUG AssetLoader          - Loading from cache: /assets/textures/player2.gif
13:13:42.510 [JavaFX Application Thread] DEBUG AssetLoader          - Loading from cache: /assets/textures/player2.gif
13:13:42.515 [JavaFX Application Thread] DEBUG AssetLoader          - Loading from cache: /assets/textures/player2_still.png
13:13:48.700 [JavaFX Application Thread] DEBUG Engine               - Exiting FXGL
13:13:48.700 [JavaFX Application Thread] DEBUG Engine               - Shutting down background threads
13:13:48.700 [JavaFX Application Thread] DEBUG Engine               - Saving FXGL system data
13:13:48.704 [JavaFX Application Thread] DEBUG MobileFSService      - Writing to: C:\Users\fhb36\OneDrive\Desktop\Workshop\SampleGame\system\fxgl.bundle
13:13:48.708 [JavaFX Application Thread] DEBUG Engine               - Closing logger and exiting JavaFX
