13:16:06.103 [main                     ] DEBUG GameApplication      - Logger initialized
13:16:06.120 [main                     ] DEBUG GameApplication      - Logging settings
Title: Coin Run
Version: 0.0
Width: 1200
Height: 700
Fullscreen: false
Intro: false
Menus: false
Profiling: false
Single step:false
App Mode: DEVELOPER
Menu Key: ESCAPE
Stage Style: DECORATED
Scene Factory: class com.almasb.fxgl.app.SceneFactory
Dialog Factory: class com.almasb.fxgl.ui.FXGLDialogFactory
UI Factory: class com.almasb.fxgl.ui.FXGLUIFactory

13:16:06.856 [JavaFX Application Thread] DEBUG Engine               - Initializing FXGL
13:16:06.867 [JavaFX Application Thread] INFO  Engine               - FXGL-11.2-beta on DESKTOP
13:16:06.868 [JavaFX Application Thread] INFO  Engine               - Source code and latest versions at: https://github.com/AlmasB/FXGL
13:16:06.869 [JavaFX Application Thread] INFO  Engine               -              Join the FXGL chat at: https://gitter.im/AlmasB/FXGL
13:16:06.876 [JavaFX Application Thread] DEBUG Engine               - Adding new engine service: class com.almasb.fxgl.audio.AudioPlayer
13:16:06.879 [JavaFX Application Thread] DEBUG Engine               - Adding new engine service: class com.almasb.fxgl.notification.impl.NotificationServiceProvider
13:16:06.880 [JavaFX Application Thread] DEBUG Engine               - Adding new engine service: class com.almasb.fxgl.achievement.AchievementManager
13:16:06.881 [JavaFX Application Thread] DEBUG Engine               - Adding new engine service: class com.almasb.fxgl.dev.DevService
13:16:06.907 [JavaFX Application Thread] DEBUG SaveLoadManager      - Checking profiles dir: profiles/
13:16:06.910 [JavaFX Application Thread] DEBUG FS                   - Loaded MobileFSService
13:16:06.911 [JavaFX Application Thread] DEBUG Engine               - Loading localizations
13:16:06.929 [JavaFX Application Thread] DEBUG AssetLoader          - Loading from disk: /assets/properties/languages/english.properties
13:16:06.935 [JavaFX Application Thread] DEBUG AssetLoader          - Loading from disk: /assets/properties/languages/french.properties
13:16:06.941 [JavaFX Application Thread] DEBUG AssetLoader          - Loading from disk: /assets/properties/languages/german.properties
13:16:06.943 [JavaFX Application Thread] DEBUG AssetLoader          - Loading from disk: /assets/properties/languages/russian.properties
13:16:06.945 [JavaFX Application Thread] DEBUG AssetLoader          - Loading from disk: /assets/properties/languages/hungarian.properties
13:16:06.949 [JavaFX Application Thread] DEBUG Engine               - Registering font factories
13:16:06.950 [JavaFX Application Thread] DEBUG AssetLoader          - Loading from disk: /assets/ui/fonts/VarelaRound-Regular.ttf
13:16:07.324 [JavaFX Application Thread] DEBUG AssetLoader          - Loading from disk: /assets/ui/fonts/Abel-Regular.ttf
13:16:07.338 [JavaFX Application Thread] DEBUG AssetLoader          - Loading from disk: /assets/ui/fonts/lucida_console.ttf
13:16:07.354 [JavaFX Application Thread] DEBUG AssetLoader          - Loading from disk: /assets/ui/fonts/Courier-Prime.ttf
13:16:07.370 [JavaFX Application Thread] DEBUG Engine               - Setting UI factory
13:16:07.481 [JavaFX Application Thread] DEBUG AssetLoader          - Loading from disk: /assets/ui/cursors/fxgl_default.png
13:16:07.608 [JavaFX Application Thread] DEBUG MainWindow           - Creating a JavaFX scene
13:16:07.690 [JavaFX Application Thread] DEBUG MainWindow           - Target settings size: 1200.0 x 700.0
13:16:07.690 [JavaFX Application Thread] DEBUG MainWindow           - Scaled scene size:    1200.0 x 700.0
13:16:07.690 [JavaFX Application Thread] DEBUG MainWindow           - Scaled ratio: (1.0, 1.0)
13:16:07.691 [JavaFX Application Thread] DEBUG AssetLoader          - Loading from disk: /assets/ui/css/fxgl_dark.css
13:16:07.693 [JavaFX Application Thread] DEBUG Input                - Clearing active input actions
13:16:07.693 [JavaFX Application Thread] DEBUG MainWindow           - StartupScene -> StartupScene
13:16:07.697 [JavaFX Application Thread] DEBUG AssetLoader          - Loading from disk: /assets/textures/fxgl_icon.png
13:16:07.726 [JavaFX Application Thread] DEBUG MainWindow           - Opening main window
13:16:07.965 [JavaFX Application Thread] DEBUG MainWindow           - Window border size: (16.0, 39.0)
13:16:07.965 [JavaFX Application Thread] DEBUG MainWindow           - Scaled size: 1200.0 x 700.0
13:16:07.966 [JavaFX Application Thread] DEBUG MainWindow           - Scaled ratio: (1.0, 1.0)
13:16:07.966 [JavaFX Application Thread] DEBUG MainWindow           - Scene size: 1200.0 x 700.0
13:16:07.966 [JavaFX Application Thread] DEBUG MainWindow           - Stage size: 1216.0 x 739.0
13:16:08.020 [FXGL Background Thread 1 ] DEBUG Engine               - Loading FXGL system data
13:16:08.032 [FXGL Background Thread 1 ] DEBUG MobileFSService      - Reading from: C:\Users\fhb36\OneDrive\Desktop\Workshop\SampleGame\system\fxgl.bundle
13:16:08.058 [FXGL Background Thread 1 ] DEBUG Engine               - Bundle FXGL: {}
13:16:08.058 [FXGL Background Thread 1 ] DEBUG Engine               - Initializing application scenes
13:16:08.060 [FXGL Background Thread 1 ] DEBUG AssetLoader          - Loading from disk: /assets/ui/cursors/fxgl_default.png
13:16:08.087 [FXGL Background Thread 1 ] DEBUG GameWorld            - Game world initialized
13:16:08.256 [FXGL Background Thread 1 ] DEBUG PhysicsWorld         - Physics world initialized: appHeight=700, physics.ppm=50.0
13:16:08.257 [FXGL Background Thread 1 ] DEBUG AssetLoader          - Loading from disk: /assets/ui/cursors/fxgl_default.png
13:16:08.261 [FXGL Background Thread 1 ] DEBUG GameScene            - Game scene initialized: 1200x700
13:16:08.323 [FXGL Background Thread 1 ] DEBUG Input                - Registered new binding: Pause - Esc
13:16:08.323 [FXGL Background Thread 1 ] DEBUG Engine               - Application scenes initialized
13:16:08.329 [JavaFX Application Thread] DEBUG Engine               - Running preInit()
13:16:08.330 [JavaFX Application Thread] DEBUG Input                - Registered new binding: Go right - Right
13:16:08.331 [JavaFX Application Thread] DEBUG Input                - Registered new binding: Go left - Left
13:16:08.331 [JavaFX Application Thread] DEBUG Input                - Registered new binding: Jump - Space
13:16:08.332 [JavaFX Application Thread] DEBUG Input                - Registered new binding: Screenshot - P
13:16:08.333 [JavaFX Application Thread] DEBUG Input                - Registered new binding: Dev Options - 1
13:16:08.334 [JavaFX Application Thread] DEBUG Input                - Registered new binding: System info dump - CTRL+9
13:16:08.335 [JavaFX Application Thread] DEBUG Input                - Registered new binding: Restart - CTRL+R
13:16:08.335 [JavaFX Application Thread] DEBUG Engine               - generateDefaultProfile()
13:16:08.335 [JavaFX Application Thread] DEBUG Engine               - Creating default profile
13:16:08.336 [JavaFX Application Thread] DEBUG EventBus             - Firing event: SaveEvent
13:16:08.355 [JavaFX Application Thread] DEBUG Engine               - Logging environment variables
13:16:08.356 [JavaFX Application Thread] DEBUG Engine               - achievementStores: []
13:16:08.356 [JavaFX Application Thread] DEBUG Engine               - cSS: fxgl_dark.css
13:16:08.356 [JavaFX Application Thread] DEBUG Engine               - language: ObjectProperty [value: ENGLISH]
13:16:08.356 [JavaFX Application Thread] DEBUG Engine               - isCloseConfirmation: false
13:16:08.356 [JavaFX Application Thread] DEBUG Engine               - isProfilingEnabled: false
13:16:08.357 [JavaFX Application Thread] DEBUG Engine               - soundNotification: core/notification.wav
13:16:08.357 [JavaFX Application Thread] DEBUG Engine               - pixelsPerMeter: 50.0
13:16:08.357 [JavaFX Application Thread] DEBUG Engine               - overlayRoot: Group@76f36aad
13:16:08.357 [JavaFX Application Thread] DEBUG Engine               - appIcon: fxgl_icon.png
13:16:08.357 [JavaFX Application Thread] DEBUG Engine               - soundMenuBack: menu/back.wav
13:16:08.357 [JavaFX Application Thread] DEBUG Engine               - isFullScreenAllowed: false
13:16:08.358 [JavaFX Application Thread] DEBUG Engine               - isIntroEnabled: false
13:16:08.358 [JavaFX Application Thread] DEBUG Engine               - fontMono: lucida_console.ttf
13:16:08.358 [JavaFX Application Thread] DEBUG Engine               - soundMenuSelect: menu/select.wav
13:16:08.358 [JavaFX Application Thread] DEBUG Engine               - height: 700
13:16:08.358 [JavaFX Application Thread] DEBUG Engine               - isSingleStep: false
13:16:08.358 [JavaFX Application Thread] DEBUG Engine               - fontGame: Abel-Regular.ttf
13:16:08.358 [JavaFX Application Thread] DEBUG Engine               - menuKey: ESCAPE
13:16:08.359 [JavaFX Application Thread] DEBUG Engine               - versionCheckDays: 7
13:16:08.359 [JavaFX Application Thread] DEBUG Engine               - masterTimer: com.almasb.fxgl.time.Timer@1d9c90c9
13:16:08.359 [JavaFX Application Thread] DEBUG Engine               - configClass: Optional.empty
13:16:08.359 [JavaFX Application Thread] DEBUG Engine               - version: 0.0
13:16:08.359 [JavaFX Application Thread] DEBUG Engine               - fullScreen: BooleanProperty [value: false]
13:16:08.359 [JavaFX Application Thread] DEBUG Engine               - dialogFactory: com.almasb.fxgl.ui.FXGLDialogFactory@1e2b10fd
13:16:08.359 [JavaFX Application Thread] DEBUG Engine               - applicationMode: DEVELOPER
13:16:08.360 [JavaFX Application Thread] DEBUG Engine               - urlGoogleForms: https://goo.gl/forms/6wrMnOBxTE1fEpOy2
13:16:08.360 [JavaFX Application Thread] DEBUG Engine               - isMenuEnabled: false
13:16:08.360 [JavaFX Application Thread] DEBUG Engine               - urlPOM: https://raw.githubusercontent.com/AlmasB/FXGL/master/pom.xml
13:16:08.360 [JavaFX Application Thread] DEBUG Engine               - profileName: user.profile
13:16:08.360 [JavaFX Application Thread] DEBUG Engine               - notificationViewClass: class com.almasb.fxgl.notification.view.XboxNotificationView
13:16:08.360 [JavaFX Application Thread] DEBUG Engine               - sceneFactory: com.almasb.fxgl.app.SceneFactory@222e1b84
13:16:08.360 [JavaFX Application Thread] DEBUG Engine               - dataFileExt: .dat
13:16:08.361 [JavaFX Application Thread] DEBUG Engine               - stageStyle: DECORATED
13:16:08.361 [JavaFX Application Thread] DEBUG Engine               - isManualResizeEnabled: false
13:16:08.361 [JavaFX Application Thread] DEBUG Engine               - title: Coin Run
13:16:08.361 [JavaFX Application Thread] DEBUG Engine               - credits: []
13:16:08.361 [JavaFX Application Thread] DEBUG Engine               - uIFactory: com.almasb.fxgl.ui.FXGLUIFactory@5a0ecb8e
13:16:08.361 [JavaFX Application Thread] DEBUG Engine               - fontText: Courier-Prime.ttf
13:16:08.361 [JavaFX Application Thread] DEBUG Engine               - isExperimentalTiledLargeMap: false
13:16:08.362 [JavaFX Application Thread] DEBUG Engine               - secondsIn24h: 60
13:16:08.362 [JavaFX Application Thread] DEBUG Engine               - soundMenuPress: menu/press.wav
13:16:08.362 [JavaFX Application Thread] DEBUG Engine               - urlGithub: https://github.com/AlmasB/FXGL
13:16:08.362 [JavaFX Application Thread] DEBUG Engine               - profileDir: profiles/
13:16:08.362 [JavaFX Application Thread] DEBUG Engine               - urlLeaderboard: http://fxgl-top.herokuapp.com/
13:16:08.362 [JavaFX Application Thread] DEBUG Engine               - saveDir: saves/
13:16:08.362 [JavaFX Application Thread] DEBUG Engine               - engineServices: [class com.almasb.fxgl.audio.AudioPlayer, class com.almasb.fxgl.notification.impl.NotificationServiceProvider, class com.almasb.fxgl.achievement.AchievementManager]
13:16:08.363 [JavaFX Application Thread] DEBUG Engine               - width: 1200
13:16:08.363 [JavaFX Application Thread] DEBUG Engine               - saveFileExt: .sav
13:16:08.363 [JavaFX Application Thread] DEBUG Engine               - fontUI: VarelaRound-Regular.ttf
13:16:08.363 [JavaFX Application Thread] DEBUG Engine               - enabledMenuItems: []
13:16:08.382 [JavaFX Application Thread] INFO  Engine               - FXGL initialization took: 1.471 sec
13:16:08.382 [JavaFX Application Thread] DEBUG LoopRunner           - Starting loop
13:16:08.392 [JavaFX Application Thread] DEBUG StartupScene         - STARTUP
13:16:08.392 [JavaFX Application Thread] DEBUG Engine               - Starting new game
13:16:08.393 [JavaFX Application Thread] DEBUG AssetLoader          - Loading from disk: /assets/ui/css/fxgl_dark.css
13:16:08.393 [JavaFX Application Thread] DEBUG Input                - Clearing active input actions
13:16:08.414 [JavaFX Application Thread] DEBUG MainWindow           - StartupScene -> LoadingScene
13:16:08.425 [JavaFX Application Thread] DEBUG Engine               - Removing overlay from StartupScene and adding to LoadingScene
13:16:08.426 [FXGL Background Thread 1 ] DEBUG InitAppTask          - Clearing previous game
13:16:08.426 [FXGL Background Thread 1 ] DEBUG GameWorld            - Clearing game world
13:16:08.426 [FXGL Background Thread 1 ] DEBUG PhysicsWorld         - Clearing physics world
13:16:08.426 [FXGL Background Thread 1 ] DEBUG GameScene            - Clearing game scene
13:16:08.426 [FXGL Background Thread 1 ] DEBUG InitAppTask          - Initializing Game
13:16:08.429 [FXGL Background Thread 1 ] DEBUG AssetLoader          - Loading from disk: /assets/textures/background.png
13:16:08.555 [FXGL Background Thread 1 ] DEBUG AssetLoader          - Loading from disk: /assets/textures/player2_still.png
13:16:08.571 [FXGL Background Thread 1 ] DEBUG InitAppTask          - Initializing Physics
13:16:08.572 [FXGL Background Thread 1 ] DEBUG InitAppTask          - Initializing UI
13:16:08.575 [FXGL Background Thread 1 ] DEBUG InitAppTask          - Initialization Complete
13:16:08.575 [FXGL Background Thread 1 ] INFO  InitAppTask          - Game initialization took: 0.150 sec
13:16:08.650 [JavaFX Application Thread] DEBUG AssetLoader          - Loading from disk: /assets/ui/css/fxgl_dark.css
13:16:08.651 [JavaFX Application Thread] DEBUG Input                - Clearing active input actions
13:16:08.676 [JavaFX Application Thread] DEBUG MainWindow           - LoadingScene -> GameScene
13:16:08.676 [JavaFX Application Thread] DEBUG Engine               - Removing overlay from LoadingScene and adding to GameScene
13:16:09.689 [JavaFX Application Thread] DEBUG AssetLoader          - Loading from disk: /assets/textures/player2.gif
13:16:09.738 [JavaFX Application Thread] DEBUG AssetLoader          - Loading from cache: /assets/textures/player2.gif
13:16:09.755 [JavaFX Application Thread] DEBUG AssetLoader          - Loading from cache: /assets/textures/player2.gif
13:16:09.769 [JavaFX Application Thread] DEBUG AssetLoader          - Loading from cache: /assets/textures/player2.gif
13:16:09.786 [JavaFX Application Thread] DEBUG AssetLoader          - Loading from cache: /assets/textures/player2.gif
13:16:09.802 [JavaFX Application Thread] DEBUG AssetLoader          - Loading from cache: /assets/textures/player2.gif
13:16:09.817 [JavaFX Application Thread] DEBUG AssetLoader          - Loading from cache: /assets/textures/player2.gif
13:16:09.835 [JavaFX Application Thread] DEBUG AssetLoader          - Loading from cache: /assets/textures/player2.gif
13:16:09.850 [JavaFX Application Thread] DEBUG AssetLoader          - Loading from cache: /assets/textures/player2.gif
13:16:09.866 [JavaFX Application Thread] DEBUG AssetLoader          - Loading from cache: /assets/textures/player2.gif
13:16:09.882 [JavaFX Application Thread] DEBUG AssetLoader          - Loading from cache: /assets/textures/player2.gif
13:16:09.898 [JavaFX Application Thread] DEBUG AssetLoader          - Loading from cache: /assets/textures/player2.gif
13:16:09.914 [JavaFX Application Thread] DEBUG AssetLoader          - Loading from cache: /assets/textures/player2.gif
13:16:09.930 [JavaFX Application Thread] DEBUG AssetLoader          - Loading from cache: /assets/textures/player2.gif
13:16:09.946 [JavaFX Application Thread] DEBUG AssetLoader          - Loading from cache: /assets/textures/player2.gif
13:16:09.962 [JavaFX Application Thread] DEBUG AssetLoader          - Loading from cache: /assets/textures/player2.gif
13:16:09.978 [JavaFX Application Thread] DEBUG AssetLoader          - Loading from cache: /assets/textures/player2.gif
13:16:09.994 [JavaFX Application Thread] DEBUG AssetLoader          - Loading from cache: /assets/textures/player2.gif
13:16:10.010 [JavaFX Application Thread] DEBUG AssetLoader          - Loading from cache: /assets/textures/player2.gif
13:16:10.026 [JavaFX Application Thread] DEBUG AssetLoader          - Loading from cache: /assets/textures/player2.gif
13:16:10.042 [JavaFX Application Thread] DEBUG AssetLoader          - Loading from cache: /assets/textures/player2.gif
13:16:10.057 [JavaFX Application Thread] DEBUG AssetLoader          - Loading from cache: /assets/textures/player2.gif
13:16:10.075 [JavaFX Application Thread] DEBUG AssetLoader          - Loading from cache: /assets/textures/player2.gif
13:16:10.090 [JavaFX Application Thread] DEBUG AssetLoader          - Loading from cache: /assets/textures/player2.gif
13:16:10.106 [JavaFX Application Thread] DEBUG AssetLoader          - Loading from cache: /assets/textures/player2.gif
13:16:10.139 [JavaFX Application Thread] DEBUG AssetLoader          - Loading from cache: /assets/textures/player2.gif
13:16:10.156 [JavaFX Application Thread] DEBUG AssetLoader          - Loading from cache: /assets/textures/player2.gif
13:16:10.169 [JavaFX Application Thread] DEBUG AssetLoader          - Loading from cache: /assets/textures/player2.gif
13:16:10.186 [JavaFX Application Thread] DEBUG AssetLoader          - Loading from cache: /assets/textures/player2.gif
13:16:10.202 [JavaFX Application Thread] DEBUG AssetLoader          - Loading from cache: /assets/textures/player2.gif
13:16:10.218 [JavaFX Application Thread] DEBUG AssetLoader          - Loading from cache: /assets/textures/player2.gif
13:16:10.234 [JavaFX Application Thread] DEBUG AssetLoader          - Loading from cache: /assets/textures/player2.gif
13:16:10.250 [JavaFX Application Thread] DEBUG AssetLoader          - Loading from cache: /assets/textures/player2.gif
13:16:10.266 [JavaFX Application Thread] DEBUG AssetLoader          - Loading from cache: /assets/textures/player2.gif
13:16:10.283 [JavaFX Application Thread] DEBUG AssetLoader          - Loading from cache: /assets/textures/player2.gif
13:16:10.298 [JavaFX Application Thread] DEBUG AssetLoader          - Loading from cache: /assets/textures/player2.gif
13:16:10.315 [JavaFX Application Thread] DEBUG AssetLoader          - Loading from cache: /assets/textures/player2.gif
13:16:10.331 [JavaFX Application Thread] DEBUG AssetLoader          - Loading from cache: /assets/textures/player2.gif
13:16:10.347 [JavaFX Application Thread] DEBUG AssetLoader          - Loading from cache: /assets/textures/player2.gif
13:16:10.362 [JavaFX Application Thread] DEBUG AssetLoader          - Loading from cache: /assets/textures/player2.gif
13:16:10.379 [JavaFX Application Thread] DEBUG AssetLoader          - Loading from cache: /assets/textures/player2.gif
13:16:10.394 [JavaFX Application Thread] DEBUG AssetLoader          - Loading from cache: /assets/textures/player2.gif
13:16:10.410 [JavaFX Application Thread] DEBUG AssetLoader          - Loading from cache: /assets/textures/player2.gif
13:16:10.426 [JavaFX Application Thread] DEBUG AssetLoader          - Loading from cache: /assets/textures/player2.gif
13:16:10.443 [JavaFX Application Thread] DEBUG AssetLoader          - Loading from cache: /assets/textures/player2.gif
13:16:10.458 [JavaFX Application Thread] DEBUG AssetLoader          - Loading from cache: /assets/textures/player2.gif
13:16:10.474 [JavaFX Application Thread] DEBUG AssetLoader          - Loading from cache: /assets/textures/player2.gif
13:16:10.490 [JavaFX Application Thread] DEBUG AssetLoader          - Loading from cache: /assets/textures/player2.gif
13:16:10.506 [JavaFX Application Thread] DEBUG AssetLoader          - Loading from cache: /assets/textures/player2.gif
13:16:10.538 [JavaFX Application Thread] DEBUG AssetLoader          - Loading from cache: /assets/textures/player2.gif
13:16:10.586 [JavaFX Application Thread] DEBUG AssetLoader          - Loading from cache: /assets/textures/player2.gif
13:16:10.602 [JavaFX Application Thread] DEBUG AssetLoader          - Loading from cache: /assets/textures/player2.gif
13:16:10.618 [JavaFX Application Thread] DEBUG AssetLoader          - Loading from cache: /assets/textures/player2.gif
13:16:10.634 [JavaFX Application Thread] DEBUG AssetLoader          - Loading from cache: /assets/textures/player2.gif
13:16:10.650 [JavaFX Application Thread] DEBUG AssetLoader          - Loading from cache: /assets/textures/player2.gif
13:16:10.666 [JavaFX Application Thread] DEBUG AssetLoader          - Loading from cache: /assets/textures/player2.gif
13:16:10.682 [JavaFX Application Thread] DEBUG AssetLoader          - Loading from cache: /assets/textures/player2.gif
13:16:10.698 [JavaFX Application Thread] DEBUG AssetLoader          - Loading from cache: /assets/textures/player2.gif
13:16:10.714 [JavaFX Application Thread] DEBUG AssetLoader          - Loading from cache: /assets/textures/player2.gif
13:16:10.730 [JavaFX Application Thread] DEBUG AssetLoader          - Loading from cache: /assets/textures/player2.gif
13:16:10.746 [JavaFX Application Thread] DEBUG AssetLoader          - Loading from cache: /assets/textures/player2.gif
13:16:10.762 [JavaFX Application Thread] DEBUG AssetLoader          - Loading from cache: /assets/textures/player2.gif
13:16:10.777 [JavaFX Application Thread] DEBUG AssetLoader          - Loading from cache: /assets/textures/player2.gif
13:16:10.794 [JavaFX Application Thread] DEBUG AssetLoader          - Loading from cache: /assets/textures/player2.gif
13:16:10.810 [JavaFX Application Thread] DEBUG AssetLoader          - Loading from cache: /assets/textures/player2.gif
13:16:10.826 [JavaFX Application Thread] DEBUG AssetLoader          - Loading from cache: /assets/textures/player2.gif
13:16:10.842 [JavaFX Application Thread] DEBUG AssetLoader          - Loading from cache: /assets/textures/player2.gif
13:16:10.859 [JavaFX Application Thread] DEBUG AssetLoader          - Loading from cache: /assets/textures/player2.gif
13:16:10.874 [JavaFX Application Thread] DEBUG AssetLoader          - Loading from cache: /assets/textures/player2.gif
13:16:10.922 [JavaFX Application Thread] DEBUG AssetLoader          - Loading from cache: /assets/textures/player2.gif
13:16:10.956 [JavaFX Application Thread] DEBUG AssetLoader          - Loading from cache: /assets/textures/player2.gif
13:16:10.970 [JavaFX Application Thread] DEBUG AssetLoader          - Loading from cache: /assets/textures/player2.gif
13:16:10.986 [JavaFX Application Thread] DEBUG AssetLoader          - Loading from cache: /assets/textures/player2.gif
13:16:11.034 [JavaFX Application Thread] DEBUG AssetLoader          - Loading from cache: /assets/textures/player2.gif
13:16:11.050 [JavaFX Application Thread] DEBUG AssetLoader          - Loading from cache: /assets/textures/player2.gif
13:16:11.066 [JavaFX Application Thread] DEBUG AssetLoader          - Loading from cache: /assets/textures/player2.gif
13:16:11.082 [JavaFX Application Thread] DEBUG AssetLoader          - Loading from cache: /assets/textures/player2.gif
13:16:11.098 [JavaFX Application Thread] DEBUG AssetLoader          - Loading from cache: /assets/textures/player2.gif
13:16:11.114 [JavaFX Application Thread] DEBUG AssetLoader          - Loading from cache: /assets/textures/player2.gif
13:16:11.161 [JavaFX Application Thread] DEBUG AssetLoader          - Loading from cache: /assets/textures/player2.gif
13:16:11.178 [JavaFX Application Thread] DEBUG AssetLoader          - Loading from cache: /assets/textures/player2.gif
13:16:11.194 [JavaFX Application Thread] DEBUG AssetLoader          - Loading from cache: /assets/textures/player2.gif
13:16:11.210 [JavaFX Application Thread] DEBUG AssetLoader          - Loading from cache: /assets/textures/player2.gif
13:16:11.226 [JavaFX Application Thread] DEBUG AssetLoader          - Loading from cache: /assets/textures/player2.gif
13:16:11.242 [JavaFX Application Thread] DEBUG AssetLoader          - Loading from cache: /assets/textures/player2.gif
13:16:11.259 [JavaFX Application Thread] DEBUG AssetLoader          - Loading from cache: /assets/textures/player2.gif
13:16:11.274 [JavaFX Application Thread] DEBUG AssetLoader          - Loading from cache: /assets/textures/player2.gif
13:16:11.322 [JavaFX Application Thread] DEBUG AssetLoader          - Loading from cache: /assets/textures/player2.gif
13:16:11.355 [JavaFX Application Thread] DEBUG AssetLoader          - Loading from cache: /assets/textures/player2.gif
13:16:11.370 [JavaFX Application Thread] DEBUG AssetLoader          - Loading from cache: /assets/textures/player2.gif
13:16:11.386 [JavaFX Application Thread] DEBUG AssetLoader          - Loading from cache: /assets/textures/player2.gif
13:16:11.402 [JavaFX Application Thread] DEBUG AssetLoader          - Loading from cache: /assets/textures/player2.gif
13:16:11.418 [JavaFX Application Thread] DEBUG AssetLoader          - Loading from cache: /assets/textures/player2.gif
13:16:11.434 [JavaFX Application Thread] DEBUG AssetLoader          - Loading from cache: /assets/textures/player2.gif
13:16:11.450 [JavaFX Application Thread] DEBUG AssetLoader          - Loading from cache: /assets/textures/player2.gif
13:16:11.466 [JavaFX Application Thread] DEBUG AssetLoader          - Loading from cache: /assets/textures/player2.gif
13:16:11.482 [JavaFX Application Thread] DEBUG AssetLoader          - Loading from cache: /assets/textures/player2.gif
13:16:11.498 [JavaFX Application Thread] DEBUG AssetLoader          - Loading from cache: /assets/textures/player2.gif
13:16:11.514 [JavaFX Application Thread] DEBUG AssetLoader          - Loading from cache: /assets/textures/player2.gif
13:16:11.529 [JavaFX Application Thread] DEBUG AssetLoader          - Loading from cache: /assets/textures/player2.gif
13:16:11.545 [JavaFX Application Thread] DEBUG AssetLoader          - Loading from cache: /assets/textures/player2.gif
13:16:11.562 [JavaFX Application Thread] DEBUG AssetLoader          - Loading from cache: /assets/textures/player2.gif
13:16:11.578 [JavaFX Application Thread] DEBUG AssetLoader          - Loading from cache: /assets/textures/player2.gif
13:16:11.594 [JavaFX Application Thread] DEBUG AssetLoader          - Loading from cache: /assets/textures/player2.gif
13:16:11.610 [JavaFX Application Thread] DEBUG AssetLoader          - Loading from cache: /assets/textures/player2.gif
13:16:11.626 [JavaFX Application Thread] DEBUG AssetLoader          - Loading from cache: /assets/textures/player2.gif
13:16:11.642 [JavaFX Application Thread] DEBUG AssetLoader          - Loading from cache: /assets/textures/player2.gif
13:16:11.658 [JavaFX Application Thread] DEBUG AssetLoader          - Loading from cache: /assets/textures/player2.gif
13:16:11.674 [JavaFX Application Thread] DEBUG AssetLoader          - Loading from cache: /assets/textures/player2.gif
13:16:11.690 [JavaFX Application Thread] DEBUG AssetLoader          - Loading from cache: /assets/textures/player2.gif
13:16:11.706 [JavaFX Application Thread] DEBUG AssetLoader          - Loading from cache: /assets/textures/player2.gif
13:16:11.739 [JavaFX Application Thread] DEBUG AssetLoader          - Loading from cache: /assets/textures/player2.gif
13:16:11.754 [JavaFX Application Thread] DEBUG AssetLoader          - Loading from cache: /assets/textures/player2.gif
13:16:11.770 [JavaFX Application Thread] DEBUG AssetLoader          - Loading from cache: /assets/textures/player2.gif
13:16:11.786 [JavaFX Application Thread] DEBUG AssetLoader          - Loading from cache: /assets/textures/player2.gif
13:16:11.866 [JavaFX Application Thread] DEBUG AssetLoader          - Loading from cache: /assets/textures/player2.gif
13:16:11.882 [JavaFX Application Thread] DEBUG AssetLoader          - Loading from cache: /assets/textures/player2.gif
13:16:11.898 [JavaFX Application Thread] DEBUG AssetLoader          - Loading from cache: /assets/textures/player2.gif
13:16:11.914 [JavaFX Application Thread] DEBUG AssetLoader          - Loading from cache: /assets/textures/player2.gif
13:16:11.930 [JavaFX Application Thread] DEBUG AssetLoader          - Loading from cache: /assets/textures/player2.gif
13:16:11.946 [JavaFX Application Thread] DEBUG AssetLoader          - Loading from cache: /assets/textures/player2.gif
13:16:11.962 [JavaFX Application Thread] DEBUG AssetLoader          - Loading from cache: /assets/textures/player2.gif
13:16:11.978 [JavaFX Application Thread] DEBUG AssetLoader          - Loading from cache: /assets/textures/player2.gif
13:16:11.994 [JavaFX Application Thread] DEBUG AssetLoader          - Loading from cache: /assets/textures/player2.gif
13:16:12.010 [JavaFX Application Thread] DEBUG AssetLoader          - Loading from cache: /assets/textures/player2.gif
13:16:12.026 [JavaFX Application Thread] DEBUG AssetLoader          - Loading from cache: /assets/textures/player2.gif
13:16:12.042 [JavaFX Application Thread] DEBUG AssetLoader          - Loading from cache: /assets/textures/player2.gif
13:16:12.058 [JavaFX Application Thread] DEBUG AssetLoader          - Loading from cache: /assets/textures/player2.gif
13:16:12.075 [JavaFX Application Thread] DEBUG AssetLoader          - Loading from cache: /assets/textures/player2.gif
13:16:12.090 [JavaFX Application Thread] DEBUG AssetLoader          - Loading from cache: /assets/textures/player2.gif
13:16:12.106 [JavaFX Application Thread] DEBUG AssetLoader          - Loading from cache: /assets/textures/player2.gif
13:16:12.138 [JavaFX Application Thread] DEBUG AssetLoader          - Loading from cache: /assets/textures/player2.gif
13:16:12.155 [JavaFX Application Thread] DEBUG AssetLoader          - Loading from cache: /assets/textures/player2.gif
13:16:12.170 [JavaFX Application Thread] DEBUG AssetLoader          - Loading from cache: /assets/textures/player2.gif
13:16:12.186 [JavaFX Application Thread] DEBUG AssetLoader          - Loading from cache: /assets/textures/player2.gif
13:16:12.202 [JavaFX Application Thread] DEBUG AssetLoader          - Loading from cache: /assets/textures/player2.gif
13:16:12.218 [JavaFX Application Thread] DEBUG AssetLoader          - Loading from cache: /assets/textures/player2.gif
13:16:12.234 [JavaFX Application Thread] DEBUG AssetLoader          - Loading from cache: /assets/textures/player2.gif
13:16:12.250 [JavaFX Application Thread] DEBUG AssetLoader          - Loading from cache: /assets/textures/player2.gif
13:16:12.266 [JavaFX Application Thread] DEBUG AssetLoader          - Loading from cache: /assets/textures/player2.gif
13:16:12.282 [JavaFX Application Thread] DEBUG AssetLoader          - Loading from cache: /assets/textures/player2.gif
13:16:12.298 [JavaFX Application Thread] DEBUG AssetLoader          - Loading from cache: /assets/textures/player2.gif
13:16:12.314 [JavaFX Application Thread] DEBUG AssetLoader          - Loading from cache: /assets/textures/player2.gif
13:16:12.330 [JavaFX Application Thread] DEBUG AssetLoader          - Loading from cache: /assets/textures/player2.gif
13:16:12.346 [JavaFX Application Thread] DEBUG AssetLoader          - Loading from cache: /assets/textures/player2.gif
13:16:12.362 [JavaFX Application Thread] DEBUG AssetLoader          - Loading from cache: /assets/textures/player2.gif
13:16:12.378 [JavaFX Application Thread] DEBUG AssetLoader          - Loading from cache: /assets/textures/player2.gif
13:16:12.394 [JavaFX Application Thread] DEBUG AssetLoader          - Loading from cache: /assets/textures/player2.gif
13:16:12.409 [JavaFX Application Thread] DEBUG AssetLoader          - Loading from cache: /assets/textures/player2.gif
13:16:12.426 [JavaFX Application Thread] DEBUG AssetLoader          - Loading from cache: /assets/textures/player2.gif
13:16:12.441 [JavaFX Application Thread] DEBUG AssetLoader          - Loading from cache: /assets/textures/player2.gif
13:16:12.458 [JavaFX Application Thread] DEBUG AssetLoader          - Loading from cache: /assets/textures/player2.gif
13:16:12.474 [JavaFX Application Thread] DEBUG AssetLoader          - Loading from cache: /assets/textures/player2.gif
13:16:12.490 [JavaFX Application Thread] DEBUG AssetLoader          - Loading from cache: /assets/textures/player2.gif
13:16:12.507 [JavaFX Application Thread] DEBUG AssetLoader          - Loading from cache: /assets/textures/player2.gif
13:16:12.539 [JavaFX Application Thread] DEBUG AssetLoader          - Loading from cache: /assets/textures/player2.gif
13:16:12.556 [JavaFX Application Thread] DEBUG AssetLoader          - Loading from cache: /assets/textures/player2.gif
13:16:12.570 [JavaFX Application Thread] DEBUG AssetLoader          - Loading from cache: /assets/textures/player2.gif
13:16:12.586 [JavaFX Application Thread] DEBUG AssetLoader          - Loading from cache: /assets/textures/player2.gif
13:16:12.602 [JavaFX Application Thread] DEBUG AssetLoader          - Loading from cache: /assets/textures/player2.gif
13:16:12.618 [JavaFX Application Thread] DEBUG AssetLoader          - Loading from cache: /assets/textures/player2.gif
13:16:12.634 [JavaFX Application Thread] DEBUG AssetLoader          - Loading from cache: /assets/textures/player2.gif
13:16:12.649 [JavaFX Application Thread] DEBUG AssetLoader          - Loading from cache: /assets/textures/player2.gif
13:16:12.665 [JavaFX Application Thread] DEBUG AssetLoader          - Loading from cache: /assets/textures/player2.gif
13:16:12.714 [JavaFX Application Thread] DEBUG AssetLoader          - Loading from cache: /assets/textures/player2.gif
13:16:12.730 [JavaFX Application Thread] DEBUG AssetLoader          - Loading from cache: /assets/textures/player2.gif
13:16:12.746 [JavaFX Application Thread] DEBUG AssetLoader          - Loading from cache: /assets/textures/player2.gif
13:16:12.762 [JavaFX Application Thread] DEBUG AssetLoader          - Loading from cache: /assets/textures/player2.gif
13:16:12.778 [JavaFX Application Thread] DEBUG AssetLoader          - Loading from cache: /assets/textures/player2.gif
13:16:12.794 [JavaFX Application Thread] DEBUG AssetLoader          - Loading from cache: /assets/textures/player2.gif
13:16:12.810 [JavaFX Application Thread] DEBUG AssetLoader          - Loading from cache: /assets/textures/player2.gif
13:16:12.826 [JavaFX Application Thread] DEBUG AssetLoader          - Loading from cache: /assets/textures/player2.gif
13:16:12.842 [JavaFX Application Thread] DEBUG AssetLoader          - Loading from cache: /assets/textures/player2.gif
13:16:12.858 [JavaFX Application Thread] DEBUG AssetLoader          - Loading from cache: /assets/textures/player2.gif
13:16:12.874 [JavaFX Application Thread] DEBUG AssetLoader          - Loading from cache: /assets/textures/player2.gif
13:16:12.890 [JavaFX Application Thread] DEBUG AssetLoader          - Loading from cache: /assets/textures/player2.gif
13:16:12.922 [JavaFX Application Thread] DEBUG AssetLoader          - Loading from cache: /assets/textures/player2.gif
13:16:12.938 [JavaFX Application Thread] DEBUG AssetLoader          - Loading from cache: /assets/textures/player2.gif
13:16:12.955 [JavaFX Application Thread] DEBUG AssetLoader          - Loading from cache: /assets/textures/player2.gif
13:16:12.970 [JavaFX Application Thread] DEBUG AssetLoader          - Loading from cache: /assets/textures/player2.gif
13:16:12.986 [JavaFX Application Thread] DEBUG AssetLoader          - Loading from cache: /assets/textures/player2.gif
13:16:13.002 [JavaFX Application Thread] DEBUG AssetLoader          - Loading from cache: /assets/textures/player2.gif
13:16:13.018 [JavaFX Application Thread] DEBUG AssetLoader          - Loading from cache: /assets/textures/player2.gif
13:16:13.034 [JavaFX Application Thread] DEBUG AssetLoader          - Loading from cache: /assets/textures/player2.gif
13:16:13.050 [JavaFX Application Thread] DEBUG AssetLoader          - Loading from cache: /assets/textures/player2.gif
13:16:13.066 [JavaFX Application Thread] DEBUG AssetLoader          - Loading from cache: /assets/textures/player2.gif
13:16:13.117 [JavaFX Application Thread] DEBUG AssetLoader          - Loading from cache: /assets/textures/player2.gif
13:16:13.130 [JavaFX Application Thread] DEBUG AssetLoader          - Loading from cache: /assets/textures/player2.gif
13:16:13.146 [JavaFX Application Thread] DEBUG AssetLoader          - Loading from cache: /assets/textures/player2.gif
13:16:13.162 [JavaFX Application Thread] DEBUG AssetLoader          - Loading from cache: /assets/textures/player2.gif
13:16:13.178 [JavaFX Application Thread] DEBUG AssetLoader          - Loading from cache: /assets/textures/player2.gif
13:16:13.194 [JavaFX Application Thread] DEBUG AssetLoader          - Loading from cache: /assets/textures/player2.gif
13:16:13.210 [JavaFX Application Thread] DEBUG AssetLoader          - Loading from cache: /assets/textures/player2.gif
13:16:13.226 [JavaFX Application Thread] DEBUG AssetLoader          - Loading from cache: /assets/textures/player2.gif
13:16:13.242 [JavaFX Application Thread] DEBUG AssetLoader          - Loading from cache: /assets/textures/player2.gif
13:16:13.258 [JavaFX Application Thread] DEBUG AssetLoader          - Loading from cache: /assets/textures/player2.gif
13:16:13.274 [JavaFX Application Thread] DEBUG AssetLoader          - Loading from cache: /assets/textures/player2.gif
13:16:13.290 [JavaFX Application Thread] DEBUG AssetLoader          - Loading from cache: /assets/textures/player2.gif
13:16:13.307 [JavaFX Application Thread] DEBUG AssetLoader          - Loading from cache: /assets/textures/player2.gif
13:16:13.340 [JavaFX Application Thread] DEBUG AssetLoader          - Loading from cache: /assets/textures/player2.gif
13:16:13.355 [JavaFX Application Thread] DEBUG AssetLoader          - Loading from cache: /assets/textures/player2.gif
13:16:13.370 [JavaFX Application Thread] DEBUG AssetLoader          - Loading from cache: /assets/textures/player2.gif
13:16:13.386 [JavaFX Application Thread] DEBUG AssetLoader          - Loading from cache: /assets/textures/player2.gif
13:16:13.402 [JavaFX Application Thread] DEBUG AssetLoader          - Loading from cache: /assets/textures/player2.gif
13:16:13.418 [JavaFX Application Thread] DEBUG AssetLoader          - Loading from cache: /assets/textures/player2.gif
13:16:13.434 [JavaFX Application Thread] DEBUG AssetLoader          - Loading from cache: /assets/textures/player2.gif
13:16:13.450 [JavaFX Application Thread] DEBUG AssetLoader          - Loading from cache: /assets/textures/player2.gif
13:16:13.466 [JavaFX Application Thread] DEBUG AssetLoader          - Loading from cache: /assets/textures/player2.gif
13:16:13.482 [JavaFX Application Thread] DEBUG AssetLoader          - Loading from cache: /assets/textures/player2.gif
13:16:13.498 [JavaFX Application Thread] DEBUG AssetLoader          - Loading from cache: /assets/textures/player2.gif
13:16:13.514 [JavaFX Application Thread] DEBUG AssetLoader          - Loading from cache: /assets/textures/player2.gif
13:16:13.529 [JavaFX Application Thread] DEBUG AssetLoader          - Loading from cache: /assets/textures/player2.gif
13:16:13.546 [JavaFX Application Thread] DEBUG AssetLoader          - Loading from cache: /assets/textures/player2.gif
13:16:13.562 [JavaFX Application Thread] DEBUG AssetLoader          - Loading from cache: /assets/textures/player2.gif
13:16:13.578 [JavaFX Application Thread] DEBUG AssetLoader          - Loading from cache: /assets/textures/player2.gif
13:16:13.594 [JavaFX Application Thread] DEBUG AssetLoader          - Loading from cache: /assets/textures/player2.gif
13:16:13.610 [JavaFX Application Thread] DEBUG AssetLoader          - Loading from cache: /assets/textures/player2.gif
13:16:13.626 [JavaFX Application Thread] DEBUG AssetLoader          - Loading from cache: /assets/textures/player2.gif
13:16:13.642 [JavaFX Application Thread] DEBUG AssetLoader          - Loading from cache: /assets/textures/player2.gif
13:16:13.658 [JavaFX Application Thread] DEBUG AssetLoader          - Loading from cache: /assets/textures/player2.gif
13:16:13.674 [JavaFX Application Thread] DEBUG AssetLoader          - Loading from cache: /assets/textures/player2.gif
13:16:13.691 [JavaFX Application Thread] DEBUG AssetLoader          - Loading from cache: /assets/textures/player2.gif
13:16:13.724 [JavaFX Application Thread] DEBUG AssetLoader          - Loading from cache: /assets/textures/player2.gif
13:16:13.738 [JavaFX Application Thread] DEBUG AssetLoader          - Loading from cache: /assets/textures/player2.gif
13:16:13.754 [JavaFX Application Thread] DEBUG AssetLoader          - Loading from cache: /assets/textures/player2.gif
13:16:13.769 [JavaFX Application Thread] DEBUG AssetLoader          - Loading from cache: /assets/textures/player2.gif
13:16:13.786 [JavaFX Application Thread] DEBUG AssetLoader          - Loading from cache: /assets/textures/player2.gif
13:16:13.802 [JavaFX Application Thread] DEBUG AssetLoader          - Loading from cache: /assets/textures/player2.gif
13:16:13.818 [JavaFX Application Thread] DEBUG AssetLoader          - Loading from cache: /assets/textures/player2.gif
13:16:13.834 [JavaFX Application Thread] DEBUG AssetLoader          - Loading from cache: /assets/textures/player2.gif
13:16:13.850 [JavaFX Application Thread] DEBUG AssetLoader          - Loading from cache: /assets/textures/player2.gif
13:16:13.866 [JavaFX Application Thread] DEBUG AssetLoader          - Loading from cache: /assets/textures/player2.gif
13:16:13.882 [JavaFX Application Thread] DEBUG AssetLoader          - Loading from cache: /assets/textures/player2.gif
13:16:13.897 [JavaFX Application Thread] DEBUG AssetLoader          - Loading from cache: /assets/textures/player2.gif
13:16:13.913 [JavaFX Application Thread] DEBUG AssetLoader          - Loading from cache: /assets/textures/player2.gif
13:16:13.930 [JavaFX Application Thread] DEBUG AssetLoader          - Loading from cache: /assets/textures/player2.gif
13:16:13.946 [JavaFX Application Thread] DEBUG AssetLoader          - Loading from cache: /assets/textures/player2.gif
13:16:13.962 [JavaFX Application Thread] DEBUG AssetLoader          - Loading from cache: /assets/textures/player2.gif
13:16:13.978 [JavaFX Application Thread] DEBUG AssetLoader          - Loading from cache: /assets/textures/player2.gif
13:16:13.994 [JavaFX Application Thread] DEBUG AssetLoader          - Loading from cache: /assets/textures/player2.gif
13:16:14.010 [JavaFX Application Thread] DEBUG AssetLoader          - Loading from cache: /assets/textures/player2.gif
13:16:14.026 [JavaFX Application Thread] DEBUG AssetLoader          - Loading from cache: /assets/textures/player2.gif
13:16:14.042 [JavaFX Application Thread] DEBUG AssetLoader          - Loading from cache: /assets/textures/player2.gif
13:16:14.058 [JavaFX Application Thread] DEBUG AssetLoader          - Loading from cache: /assets/textures/player2.gif
13:16:14.074 [JavaFX Application Thread] DEBUG AssetLoader          - Loading from cache: /assets/textures/player2.gif
13:16:14.090 [JavaFX Application Thread] DEBUG AssetLoader          - Loading from cache: /assets/textures/player2.gif
13:16:14.107 [JavaFX Application Thread] DEBUG AssetLoader          - Loading from cache: /assets/textures/player2.gif
13:16:14.139 [JavaFX Application Thread] DEBUG AssetLoader          - Loading from cache: /assets/textures/player2.gif
13:16:14.153 [JavaFX Application Thread] DEBUG AssetLoader          - Loading from cache: /assets/textures/player2.gif
13:16:14.170 [JavaFX Application Thread] DEBUG AssetLoader          - Loading from cache: /assets/textures/player2.gif
13:16:14.186 [JavaFX Application Thread] DEBUG AssetLoader          - Loading from cache: /assets/textures/player2.gif
13:16:14.202 [JavaFX Application Thread] DEBUG AssetLoader          - Loading from cache: /assets/textures/player2.gif
13:16:14.218 [JavaFX Application Thread] DEBUG AssetLoader          - Loading from cache: /assets/textures/player2.gif
13:16:14.234 [JavaFX Application Thread] DEBUG AssetLoader          - Loading from cache: /assets/textures/player2.gif
13:16:14.250 [JavaFX Application Thread] DEBUG AssetLoader          - Loading from cache: /assets/textures/player2.gif
13:16:14.265 [JavaFX Application Thread] DEBUG AssetLoader          - Loading from cache: /assets/textures/player2.gif
13:16:14.281 [JavaFX Application Thread] DEBUG AssetLoader          - Loading from cache: /assets/textures/player2.gif
13:16:14.297 [JavaFX Application Thread] DEBUG AssetLoader          - Loading from cache: /assets/textures/player2.gif
13:16:14.314 [JavaFX Application Thread] DEBUG AssetLoader          - Loading from cache: /assets/textures/player2.gif
13:16:14.330 [JavaFX Application Thread] DEBUG AssetLoader          - Loading from cache: /assets/textures/player2.gif
13:16:14.346 [JavaFX Application Thread] DEBUG AssetLoader          - Loading from cache: /assets/textures/player2.gif
13:16:14.362 [JavaFX Application Thread] DEBUG AssetLoader          - Loading from cache: /assets/textures/player2.gif
13:16:14.378 [JavaFX Application Thread] DEBUG AssetLoader          - Loading from cache: /assets/textures/player2.gif
13:16:14.394 [JavaFX Application Thread] DEBUG AssetLoader          - Loading from cache: /assets/textures/player2.gif
13:16:14.410 [JavaFX Application Thread] DEBUG AssetLoader          - Loading from cache: /assets/textures/player2.gif
13:16:14.426 [JavaFX Application Thread] DEBUG AssetLoader          - Loading from cache: /assets/textures/player2.gif
13:16:14.440 [JavaFX Application Thread] DEBUG AssetLoader          - Loading from cache: /assets/textures/player2_still.png
13:16:14.698 [JavaFX Application Thread] DEBUG AssetLoader          - Loading from disk: /assets/textures/player2_flipped.gif
13:16:14.721 [JavaFX Application Thread] DEBUG AssetLoader          - Loading from cache: /assets/textures/player2_flipped.gif
13:16:14.730 [JavaFX Application Thread] DEBUG AssetLoader          - Loading from cache: /assets/textures/player2_flipped.gif
13:16:14.746 [JavaFX Application Thread] DEBUG AssetLoader          - Loading from cache: /assets/textures/player2_flipped.gif
13:16:14.762 [JavaFX Application Thread] DEBUG AssetLoader          - Loading from cache: /assets/textures/player2_flipped.gif
13:16:14.778 [JavaFX Application Thread] DEBUG AssetLoader          - Loading from cache: /assets/textures/player2_flipped.gif
13:16:14.794 [JavaFX Application Thread] DEBUG AssetLoader          - Loading from cache: /assets/textures/player2_flipped.gif
13:16:14.810 [JavaFX Application Thread] DEBUG AssetLoader          - Loading from cache: /assets/textures/player2_flipped.gif
13:16:14.826 [JavaFX Application Thread] DEBUG AssetLoader          - Loading from cache: /assets/textures/player2_flipped.gif
13:16:14.842 [JavaFX Application Thread] DEBUG AssetLoader          - Loading from cache: /assets/textures/player2_flipped.gif
13:16:14.858 [JavaFX Application Thread] DEBUG AssetLoader          - Loading from cache: /assets/textures/player2_flipped.gif
13:16:14.874 [JavaFX Application Thread] DEBUG AssetLoader          - Loading from cache: /assets/textures/player2_flipped.gif
13:16:14.889 [JavaFX Application Thread] DEBUG AssetLoader          - Loading from cache: /assets/textures/player2_flipped.gif
13:16:14.921 [JavaFX Application Thread] DEBUG AssetLoader          - Loading from cache: /assets/textures/player2_flipped.gif
13:16:14.938 [JavaFX Application Thread] DEBUG AssetLoader          - Loading from cache: /assets/textures/player2_flipped.gif
13:16:14.955 [JavaFX Application Thread] DEBUG AssetLoader          - Loading from cache: /assets/textures/player2_flipped.gif
13:16:14.970 [JavaFX Application Thread] DEBUG AssetLoader          - Loading from cache: /assets/textures/player2_flipped.gif
13:16:14.986 [JavaFX Application Thread] DEBUG AssetLoader          - Loading from cache: /assets/textures/player2_flipped.gif
13:16:15.002 [JavaFX Application Thread] DEBUG AssetLoader          - Loading from cache: /assets/textures/player2_flipped.gif
13:16:15.019 [JavaFX Application Thread] DEBUG AssetLoader          - Loading from cache: /assets/textures/player2_flipped.gif
13:16:15.034 [JavaFX Application Thread] DEBUG AssetLoader          - Loading from cache: /assets/textures/player2_flipped.gif
13:16:15.050 [JavaFX Application Thread] DEBUG AssetLoader          - Loading from cache: /assets/textures/player2_flipped.gif
13:16:15.066 [JavaFX Application Thread] DEBUG AssetLoader          - Loading from cache: /assets/textures/player2_flipped.gif
13:16:15.082 [JavaFX Application Thread] DEBUG AssetLoader          - Loading from cache: /assets/textures/player2_flipped.gif
13:16:15.098 [JavaFX Application Thread] DEBUG AssetLoader          - Loading from cache: /assets/textures/player2_flipped.gif
13:16:15.114 [JavaFX Application Thread] DEBUG AssetLoader          - Loading from cache: /assets/textures/player2_flipped.gif
13:16:15.130 [JavaFX Application Thread] DEBUG AssetLoader          - Loading from cache: /assets/textures/player2_flipped.gif
13:16:15.146 [JavaFX Application Thread] DEBUG AssetLoader          - Loading from cache: /assets/textures/player2_flipped.gif
13:16:15.162 [JavaFX Application Thread] DEBUG AssetLoader          - Loading from cache: /assets/textures/player2_flipped.gif
13:16:15.178 [JavaFX Application Thread] DEBUG AssetLoader          - Loading from cache: /assets/textures/player2_flipped.gif
13:16:15.194 [JavaFX Application Thread] DEBUG AssetLoader          - Loading from cache: /assets/textures/player2_flipped.gif
13:16:15.210 [JavaFX Application Thread] DEBUG AssetLoader          - Loading from cache: /assets/textures/player2_flipped.gif
13:16:15.226 [JavaFX Application Thread] DEBUG AssetLoader          - Loading from cache: /assets/textures/player2_flipped.gif
13:16:15.242 [JavaFX Application Thread] DEBUG AssetLoader          - Loading from cache: /assets/textures/player2_flipped.gif
13:16:15.258 [JavaFX Application Thread] DEBUG AssetLoader          - Loading from cache: /assets/textures/player2_flipped.gif
13:16:15.273 [JavaFX Application Thread] DEBUG AssetLoader          - Loading from cache: /assets/textures/player2_flipped.gif
13:16:15.290 [JavaFX Application Thread] DEBUG AssetLoader          - Loading from cache: /assets/textures/player2_flipped.gif
13:16:15.306 [JavaFX Application Thread] DEBUG AssetLoader          - Loading from cache: /assets/textures/player2_flipped.gif
13:16:15.337 [JavaFX Application Thread] DEBUG AssetLoader          - Loading from cache: /assets/textures/player2_flipped.gif
13:16:15.354 [JavaFX Application Thread] DEBUG AssetLoader          - Loading from cache: /assets/textures/player2_flipped.gif
13:16:15.370 [JavaFX Application Thread] DEBUG AssetLoader          - Loading from cache: /assets/textures/player2_flipped.gif
13:16:15.386 [JavaFX Application Thread] DEBUG AssetLoader          - Loading from cache: /assets/textures/player2_flipped.gif
13:16:15.401 [JavaFX Application Thread] DEBUG AssetLoader          - Loading from cache: /assets/textures/player2_flipped.gif
13:16:15.417 [JavaFX Application Thread] DEBUG AssetLoader          - Loading from cache: /assets/textures/player2_flipped.gif
13:16:15.434 [JavaFX Application Thread] DEBUG AssetLoader          - Loading from cache: /assets/textures/player2_flipped.gif
13:16:15.450 [JavaFX Application Thread] DEBUG AssetLoader          - Loading from cache: /assets/textures/player2_flipped.gif
13:16:15.466 [JavaFX Application Thread] DEBUG AssetLoader          - Loading from cache: /assets/textures/player2_flipped.gif
13:16:15.473 [JavaFX Application Thread] DEBUG AssetLoader          - Loading from disk: /assets/textures/player2_still_flipped.png
13:16:16.042 [JavaFX Application Thread] DEBUG AssetLoader          - Loading from cache: /assets/textures/player2.gif
13:16:16.044 [JavaFX Application Thread] DEBUG AssetLoader          - Loading from cache: /assets/textures/player2.gif
13:16:16.054 [JavaFX Application Thread] DEBUG AssetLoader          - Loading from cache: /assets/textures/player2.gif
13:16:16.058 [JavaFX Application Thread] DEBUG AssetLoader          - Loading from cache: /assets/textures/player2.gif
13:16:16.074 [JavaFX Application Thread] DEBUG AssetLoader          - Loading from cache: /assets/textures/player2.gif
13:16:16.090 [JavaFX Application Thread] DEBUG AssetLoader          - Loading from cache: /assets/textures/player2.gif
13:16:16.106 [JavaFX Application Thread] DEBUG AssetLoader          - Loading from cache: /assets/textures/player2.gif
13:16:16.122 [JavaFX Application Thread] DEBUG AssetLoader          - Loading from cache: /assets/textures/player2.gif
13:16:16.155 [JavaFX Application Thread] DEBUG AssetLoader          - Loading from cache: /assets/textures/player2.gif
13:16:16.170 [JavaFX Application Thread] DEBUG AssetLoader          - Loading from cache: /assets/textures/player2.gif
13:16:16.186 [JavaFX Application Thread] DEBUG AssetLoader          - Loading from cache: /assets/textures/player2.gif
13:16:16.202 [JavaFX Application Thread] DEBUG AssetLoader          - Loading from cache: /assets/textures/player2.gif
13:16:16.206 [JavaFX Application Thread] DEBUG AssetLoader          - Loading from cache: /assets/textures/player2_still.png
13:16:17.002 [JavaFX Application Thread] DEBUG AssetLoader          - Loading from cache: /assets/textures/player2_flipped.gif
13:16:17.005 [JavaFX Application Thread] DEBUG AssetLoader          - Loading from cache: /assets/textures/player2_flipped.gif
13:16:17.018 [JavaFX Application Thread] DEBUG AssetLoader          - Loading from cache: /assets/textures/player2_flipped.gif
13:16:17.034 [JavaFX Application Thread] DEBUG AssetLoader          - Loading from cache: /assets/textures/player2_flipped.gif
13:16:17.050 [JavaFX Application Thread] DEBUG AssetLoader          - Loading from cache: /assets/textures/player2_flipped.gif
13:16:17.066 [JavaFX Application Thread] DEBUG AssetLoader          - Loading from cache: /assets/textures/player2_flipped.gif
13:16:17.082 [JavaFX Application Thread] DEBUG AssetLoader          - Loading from cache: /assets/textures/player2_flipped.gif
13:16:17.098 [JavaFX Application Thread] DEBUG AssetLoader          - Loading from cache: /assets/textures/player2_flipped.gif
13:16:17.114 [JavaFX Application Thread] DEBUG AssetLoader          - Loading from cache: /assets/textures/player2_flipped.gif
13:16:17.129 [JavaFX Application Thread] DEBUG AssetLoader          - Loading from cache: /assets/textures/player2_still_flipped.png
13:16:17.786 [JavaFX Application Thread] DEBUG AssetLoader          - Loading from cache: /assets/textures/player2.gif
13:16:17.788 [JavaFX Application Thread] DEBUG AssetLoader          - Loading from cache: /assets/textures/player2.gif
13:16:17.802 [JavaFX Application Thread] DEBUG AssetLoader          - Loading from cache: /assets/textures/player2.gif
13:16:17.818 [JavaFX Application Thread] DEBUG AssetLoader          - Loading from cache: /assets/textures/player2.gif
13:16:17.834 [JavaFX Application Thread] DEBUG AssetLoader          - Loading from cache: /assets/textures/player2.gif
13:16:17.850 [JavaFX Application Thread] DEBUG AssetLoader          - Loading from cache: /assets/textures/player2.gif
13:16:17.866 [JavaFX Application Thread] DEBUG AssetLoader          - Loading from cache: /assets/textures/player2.gif
13:16:17.882 [JavaFX Application Thread] DEBUG AssetLoader          - Loading from cache: /assets/textures/player2.gif
13:16:17.889 [JavaFX Application Thread] DEBUG AssetLoader          - Loading from cache: /assets/textures/player2_still.png
13:16:19.472 [JavaFX Application Thread] DEBUG Engine               - Exiting FXGL
13:16:19.472 [JavaFX Application Thread] DEBUG Engine               - Shutting down background threads
13:16:19.472 [JavaFX Application Thread] DEBUG Engine               - Saving FXGL system data
13:16:19.475 [JavaFX Application Thread] DEBUG MobileFSService      - Writing to: C:\Users\fhb36\OneDrive\Desktop\Workshop\SampleGame\system\fxgl.bundle
13:16:19.480 [JavaFX Application Thread] DEBUG Engine               - Closing logger and exiting JavaFX
